#
# There is insufficient memory for the Java Runtime Environment to continue.
# Native memory allocation (mmap) failed to map 100663296 bytes for G1 virtual space
# Possible reasons:
#   The system is out of physical RAM or swap space
#   The process is running with CompressedOops enabled, and the Java Heap may be blocking the growth of the native heap
# Possible solutions:
#   Reduce memory load on the system
#   Increase physical memory or swap space
#   Check if swap backing store is full
#   Decrease Java heap size (-Xmx/-Xms)
#   Decrease number of Java threads
#   Decrease Java thread stack sizes (-Xss)
#   Set larger code cache with -XX:ReservedCodeCacheSize=
#   JVM is running with Unscaled Compressed Oops mode in which the Java heap is
#     placed in the first 4GB address space. The Java Heap base address is the
#     maximum limit for the native heap growth. Please use -XX:HeapBaseMinAddress
#     to set the Java Heap base and to place the Java Heap above 4GB virtual address.
# This output file may be truncated or incomplete.
#
#  Out of Memory Error (os_windows.cpp:3617), pid=25236, tid=10040
#
# JRE version:  (17.0.8+7) (build )
# Java VM: OpenJDK 64-Bit Server VM (17.0.8+7, mixed mode, sharing, tiered, compressed oops, compressed class ptrs, g1 gc, windows-amd64)
# No core dump will be written. Minidumps are not enabled by default on client versions of Windows
#

---------------  S U M M A R Y ------------

Command Line: -Dfile.encoding=UTF-8 --module-path=C:\HOCTAP\PhatTrienUngDung\GIT_DUAN\PTUD_2023_Nhom07_DHKTPM17ATT\QLKaraoke\Karaoke4T\sqljdbc4.jar -XX:+ShowCodeDetailsInExceptionMessages test.HienThiHinhAnhTuFile

Host: AMD Ryzen 5 3550H with Radeon Vega Mobile Gfx  , 8 cores, 5G,  Windows 11 , 64 bit Build 22621 (10.0.22621.2428)
Time: Sat Nov 11 22:29:33 2023 SE Asia Standard Time elapsed time: 0.232719 seconds (0d 0h 0m 0s)

---------------  T H R E A D  ---------------

Current thread (0x0000026782f42b00):  JavaThread "Unknown thread" [_thread_in_vm, id=10040, stack(0x000000993c000000,0x000000993c100000)]

Stack: [0x000000993c000000,0x000000993c100000]
Native frames: (J=compiled Java code, j=interpreted, Vv=VM code, C=native code)
V  [jvm.dll+0x678b0a]
V  [jvm.dll+0x835e84]
V  [jvm.dll+0x83762e]
V  [jvm.dll+0x837c93]
V  [jvm.dll+0x24746f]
V  [jvm.dll+0x675859]
V  [jvm.dll+0x66a0ea]
V  [jvm.dll+0x306c7b]
V  [jvm.dll+0x30e166]
V  [jvm.dll+0x35dd3e]
V  [jvm.dll+0x35df6f]
V  [jvm.dll+0x2ddb48]
V  [jvm.dll+0x2deab4]
V  [jvm.dll+0x807f31]
V  [jvm.dll+0x36bb21]
V  [jvm.dll+0x7e733c]
V  [jvm.dll+0x3ee4af]
V  [jvm.dll+0x3f00c1]
C  [jli.dll+0x528b]
C  [ucrtbase.dll+0x29363]
C  [KERNEL32.DLL+0x1257d]
C  [ntdll.dll+0x5aa78]


---------------  P R O C E S S  ---------------

Threads class SMR info:
_java_thread_list=0x00007ff8954ba018, length=0, elements={
}

Java Threads: ( => current thread )

Other Threads:
  0x0000026782f90920 GCTaskThread "GC Thread#0" [stack: 0x000000993c100000,0x000000993c200000] [id=24584]
  0x0000026782f9d6b0 ConcurrentGCThread "G1 Main Marker" [stack: 0x000000993c200000,0x000000993c300000] [id=24972]
  0x0000026782f9e0c0 ConcurrentGCThread "G1 Conc#0" [stack: 0x000000993c300000,0x000000993c400000] [id=24352]

[error occurred during error reporting (printing all threads), id 0xc0000005, EXCEPTION_ACCESS_VIOLATION (0xc0000005) at pc=0x00007ff894c8e587]

VM state: not at safepoint (not fully initialized)

VM Mutex/Monitor currently owned by a thread:  ([mutex/lock_event])
[0x0000026782f3e6c0] Heap_lock - owner thread: 0x0000026782f42b00

Heap address: 0x00000000a0e00000, size: 1522 MB, Compressed Oops mode: 32-bit

CDS archive(s) mapped at: [0x0000000000000000-0x0000000000000000-0x0000000000000000), size 0, SharedBaseAddress: 0x0000000800000000, ArchiveRelocationMode: 1.
Narrow klass base: 0x0000000000000000, Narrow klass shift: 0, Narrow klass range: 0x0

GC Precious Log:
<Empty>

Heap:
 garbage-first heap   total 0K, used 0K [0x00000000a0e00000, 0x0000000100000000)
  region size 1024K, 0 young (0K), 0 survivors (0K)

[error occurred during error reporting (printing heap information), id 0xc0000005, EXCEPTION_ACCESS_VIOLATION (0xc0000005) at pc=0x00007ff895072699]

GC Heap History (0 events):
No events

Dll operation events (1 events):
Event: 0.167 Loaded shared library C:\Users\admin\.p2\pool\plugins\org.eclipse.justj.openjdk.hotspot.jre.full.win32.x86_64_17.0.8.v20230801-1951\jre\bin\java.dll

Deoptimization events (0 events):
No events

Classes unloaded (0 events):
No events

Classes redefined (0 events):
No events

Internal exceptions (0 events):
No events

VM Operations (0 events):
No events

Events (0 events):
No events


Dynamic libraries:
0x00007ff6e5f30000 - 0x00007ff6e5f3e000 	C:\Users\admin\.p2\pool\plugins\org.eclipse.justj.openjdk.hotspot.jre.full.win32.x86_64_17.0.8.v20230801-1951\jre\bin\javaw.exe
0x00007ff8d9450000 - 0x00007ff8d9667000 	C:\WINDOWS\SYSTEM32\ntdll.dll
0x00007ff8d8ee0000 - 0x00007ff8d8fa4000 	C:\WINDOWS\System32\KERNEL32.DLL
0x00007ff8d6d10000 - 0x00007ff8d70b6000 	C:\WINDOWS\System32\KERNELBASE.dll
0x00007ff8d6bf0000 - 0x00007ff8d6d01000 	C:\WINDOWS\System32\ucrtbase.dll
0x00007ff8c8f60000 - 0x00007ff8c8f77000 	C:\Users\admin\.p2\pool\plugins\org.eclipse.justj.openjdk.hotspot.jre.full.win32.x86_64_17.0.8.v20230801-1951\jre\bin\jli.dll
0x00007ff8d8d30000 - 0x00007ff8d8edd000 	C:\WINDOWS\System32\USER32.dll
0x00007ff8d70c0000 - 0x00007ff8d70e6000 	C:\WINDOWS\System32\win32u.dll
0x00007ff8d7560000 - 0x00007ff8d7589000 	C:\WINDOWS\System32\GDI32.dll
0x00007ff8d67d0000 - 0x00007ff8d68e8000 	C:\WINDOWS\System32\gdi32full.dll
0x00007ff8d6ae0000 - 0x00007ff8d6b7a000 	C:\WINDOWS\System32\msvcp_win.dll
0x00007ff8c80c0000 - 0x00007ff8c80d9000 	C:\Users\admin\.p2\pool\plugins\org.eclipse.justj.openjdk.hotspot.jre.full.win32.x86_64_17.0.8.v20230801-1951\jre\bin\VCRUNTIME140.dll
0x00007ff8c6ea0000 - 0x00007ff8c7133000 	C:\WINDOWS\WinSxS\amd64_microsoft.windows.common-controls_6595b64144ccf1df_6.0.22621.2361_none_2712ced57382f843\COMCTL32.dll
0x00007ff8d8fb0000 - 0x00007ff8d9057000 	C:\WINDOWS\System32\msvcrt.dll
0x00007ff8d7520000 - 0x00007ff8d7551000 	C:\WINDOWS\System32\IMM32.DLL
0x00007ff8c9030000 - 0x00007ff8c903c000 	C:\Users\admin\.p2\pool\plugins\org.eclipse.justj.openjdk.hotspot.jre.full.win32.x86_64_17.0.8.v20230801-1951\jre\bin\vcruntime140_1.dll
0x00007ff8a62d0000 - 0x00007ff8a6361000 	C:\Users\admin\.p2\pool\plugins\org.eclipse.justj.openjdk.hotspot.jre.full.win32.x86_64_17.0.8.v20230801-1951\jre\bin\msvcp140.dll
0x00007ff8949a0000 - 0x00007ff8955ec000 	C:\Users\admin\.p2\pool\plugins\org.eclipse.justj.openjdk.hotspot.jre.full.win32.x86_64_17.0.8.v20230801-1951\jre\bin\server\jvm.dll
0x00007ff8d9290000 - 0x00007ff8d9340000 	C:\WINDOWS\System32\ADVAPI32.dll
0x00007ff8d91e0000 - 0x00007ff8d9286000 	C:\WINDOWS\System32\sechost.dll
0x00007ff8d71b0000 - 0x00007ff8d72c7000 	C:\WINDOWS\System32\RPCRT4.dll
0x00007ff8d64f0000 - 0x00007ff8d653d000 	C:\WINDOWS\SYSTEM32\POWRPROF.dll
0x00007ff8d2160000 - 0x00007ff8d2169000 	C:\WINDOWS\SYSTEM32\WSOCK32.dll
0x00007ff8d83d0000 - 0x00007ff8d8441000 	C:\WINDOWS\System32\WS2_32.dll
0x00007ff8ceb10000 - 0x00007ff8ceb44000 	C:\WINDOWS\SYSTEM32\WINMM.dll
0x00007ff8cce50000 - 0x00007ff8cce5a000 	C:\WINDOWS\SYSTEM32\VERSION.dll
0x00007ff8d6420000 - 0x00007ff8d6433000 	C:\WINDOWS\SYSTEM32\UMPDC.dll
0x00007ff8d5770000 - 0x00007ff8d5788000 	C:\WINDOWS\SYSTEM32\kernel.appcore.dll
0x00007ff8d2140000 - 0x00007ff8d214a000 	C:\Users\admin\.p2\pool\plugins\org.eclipse.justj.openjdk.hotspot.jre.full.win32.x86_64_17.0.8.v20230801-1951\jre\bin\jimage.dll
0x00007ff8c0370000 - 0x00007ff8c059e000 	C:\WINDOWS\SYSTEM32\DBGHELP.DLL
0x00007ff8d8780000 - 0x00007ff8d8b0a000 	C:\WINDOWS\System32\combase.dll
0x00007ff8d7440000 - 0x00007ff8d7517000 	C:\WINDOWS\System32\OLEAUT32.dll
0x00007ff8bfb70000 - 0x00007ff8bfba2000 	C:\WINDOWS\SYSTEM32\dbgcore.DLL
0x00007ff8d68f0000 - 0x00007ff8d696a000 	C:\WINDOWS\System32\bcryptPrimitives.dll
0x00007ff8ce7c0000 - 0x00007ff8ce7e5000 	C:\Users\admin\.p2\pool\plugins\org.eclipse.justj.openjdk.hotspot.jre.full.win32.x86_64_17.0.8.v20230801-1951\jre\bin\java.dll

dbghelp: loaded successfully - version: 4.0.5 - missing functions: none
symbol engine: initialized successfully - sym options: 0x614 - pdb path: .;C:\Users\admin\.p2\pool\plugins\org.eclipse.justj.openjdk.hotspot.jre.full.win32.x86_64_17.0.8.v20230801-1951\jre\bin;C:\WINDOWS\SYSTEM32;C:\WINDOWS\WinSxS\amd64_microsoft.windows.common-controls_6595b64144ccf1df_6.0.22621.2361_none_2712ced57382f843;C:\Users\admin\.p2\pool\plugins\org.eclipse.justj.openjdk.hotspot.jre.full.win32.x86_64_17.0.8.v20230801-1951\jre\bin\server

VM Arguments:
jvm_args: -Dfile.encoding=UTF-8 --module-path=C:\HOCTAP\PhatTrienUngDung\GIT_DUAN\PTUD_2023_Nhom07_DHKTPM17ATT\QLKaraoke\Karaoke4T\sqljdbc4.jar -XX:+ShowCodeDetailsInExceptionMessages 
java_command: test.HienThiHinhAnhTuFile
java_class_path (initial): C:\HOCTAP\PhatTrienUngDung\GIT_DUAN\PTUD_2023_Nhom07_DHKTPM17ATT\QLKaraoke\Karaoke4T\bin;C:\HOCTAP\PhatTrienUngDung\GIT_DUAN\PTUD_2023_Nhom07_DHKTPM17ATT\QLKaraoke\Karaoke4T\jgoodies-forms-1.8.0.jar;C:\HOCTAP\PhatTrienUngDung\GIT_DUAN\PTUD_2023_Nhom07_DHKTPM17ATT\QLKaraoke\Karaoke4T\TimingFramework-0.55.jar;C:\HOCTAP\PhatTrienUngDung\GIT_DUAN\PTUD_2023_Nhom07_DHKTPM17ATT\QLKaraoke\Karaoke4T\jcalendar-1.4.jar
Launcher Type: SUN_STANDARD

[Global flags]
     intx CICompilerCount                          = 4                                         {product} {ergonomic}
     uint ConcGCThreads                            = 2                                         {product} {ergonomic}
     uint G1ConcRefinementThreads                  = 8                                         {product} {ergonomic}
   size_t G1HeapRegionSize                         = 1048576                                   {product} {ergonomic}
    uintx GCDrainStackTargetSize                   = 64                                        {product} {ergonomic}
   size_t InitialHeapSize                          = 100663296                                 {product} {ergonomic}
   size_t MarkStackSize                            = 4194304                                   {product} {ergonomic}
   size_t MaxHeapSize                              = 1595932672                                {product} {ergonomic}
   size_t MinHeapDeltaBytes                        = 1048576                                   {product} {ergonomic}
   size_t MinHeapSize                              = 8388608                                   {product} {ergonomic}
    uintx NonNMethodCodeHeapSize                   = 5839372                                {pd product} {ergonomic}
    uintx NonProfiledCodeHeapSize                  = 122909434                              {pd product} {ergonomic}
    uintx ProfiledCodeHeapSize                     = 122909434                              {pd product} {ergonomic}
    uintx ReservedCodeCacheSize                    = 251658240                              {pd product} {ergonomic}
     bool SegmentedCodeCache                       = true                                      {product} {ergonomic}
     bool ShowCodeDetailsInExceptionMessages       = true                                   {manageable} {command line}
   size_t SoftMaxHeapSize                          = 1595932672                             {manageable} {ergonomic}
     bool UseCompressedClassPointers               = true                           {product lp64_product} {ergonomic}
     bool UseCompressedOops                        = true                           {product lp64_product} {ergonomic}
     bool UseG1GC                                  = true                                      {product} {ergonomic}
     bool UseLargePagesIndividualAllocation        = false                                  {pd product} {ergonomic}

Logging:
Log output configuration:
 #0: stdout all=warning uptime,level,tags
 #1: stderr all=off uptime,level,tags

Environment Variables:
PATH=C:/Users/admin/.p2/pool/plugins/org.eclipse.justj.openjdk.hotspot.jre.full.win32.x86_64_17.0.8.v20230801-1951/jre/bin/server;C:/Users/admin/.p2/pool/plugins/org.eclipse.justj.openjdk.hotspot.jre.full.win32.x86_64_17.0.8.v20230801-1951/jre/bin;C:\Program Files (x86)\Common Files\Oracle\Java\javapath;C:\WINDOWS\system32;C:\WINDOWS;C:\WINDOWS\System32\Wbem;C:\WINDOWS\System32\WindowsPowerShell\v1.0\;C:\WINDOWS\System32\OpenSSH\;C:\Program Files\Git\cmd;C:\Program Files (x86)\Microsoft SQL Server\160\Tools\Binn\;C:\Program Files\Microsoft SQL Server\160\Tools\Binn\;C:\Program Files\Microsoft SQL Server\Client SDK\ODBC\170\Tools\Binn\;C:\Program Files\Microsoft SQL Server\160\DTS\Binn\;C:\Program Files (x86)\Microsoft SQL Server\160\DTS\Binn\;C:\Program Files\Azure Data Studio\bin;C:\Users\admin\AppData\Local\Microsoft\WindowsApps;;C:\Users\admin\AppData\Local\Programs\Microsoft VS Code\bin;C:\Program Files\Azure Data Studio\bin;C:\WINDOWS\System32;
USERNAME=admin
OS=Windows_NT
PROCESSOR_IDENTIFIER=AMD64 Family 23 Model 24 Stepping 1, AuthenticAMD
TMP=C:\Users\admin\AppData\Local\Temp
TEMP=C:\Users\admin\AppData\Local\Temp



---------------  S Y S T E M  ---------------

OS:
 Windows 11 , 64 bit Build 22621 (10.0.22621.2428)
OS uptime: 29 days 23:57 hours
Hyper-V role detected

CPU: total 8 (initial active 8) (8 cores per cpu, 2 threads per core) family 23 model 24 stepping 1 microcode 0x0, cx8, cmov, fxsr, ht, mmx, 3dnowpref, sse, sse2, sse3, ssse3, sse4a, sse4.1, sse4.2, popcnt, lzcnt, tsc, tscinvbit, avx, avx2, aes, clmul, bmi1, bmi2, adx, sha, fma, vzeroupper, clflush, clflushopt, hv
Processor Information for all 8 processors :
  Max Mhz: 2100, Current Mhz: 2100, Mhz Limit: 2100

Memory: 4k page, system-wide physical 6081M (108M free)
TotalPageFile size 24513M (AvailPageFile size 123M)
current process WorkingSet (physical memory assigned to process): 11M, peak: 11M
current process commit charge ("private bytes"): 60M, peak: 156M

vm_info: OpenJDK 64-Bit Server VM (17.0.8+7) for windows-amd64 JRE (17.0.8+7), built on Jul 18 2023 21:02:32 by "admin" with MS VC++ 16.7 (VS2019)

END.
