#
# There is insufficient memory for the Java Runtime Environment to continue.
# Native memory allocation (malloc) failed to allocate 1325296 bytes for Chunk::new
# Possible reasons:
#   The system is out of physical RAM or swap space
#   The process is running with CompressedOops enabled, and the Java Heap may be blocking the growth of the native heap
# Possible solutions:
#   Reduce memory load on the system
#   Increase physical memory or swap space
#   Check if swap backing store is full
#   Decrease Java heap size (-Xmx/-Xms)
#   Decrease number of Java threads
#   Decrease Java thread stack sizes (-Xss)
#   Set larger code cache with -XX:ReservedCodeCacheSize=
#   JVM is running with Unscaled Compressed Oops mode in which the Java heap is
#     placed in the first 4GB address space. The Java Heap base address is the
#     maximum limit for the native heap growth. Please use -XX:HeapBaseMinAddress
#     to set the Java Heap base and to place the Java Heap above 4GB virtual address.
# This output file may be truncated or incomplete.
#
#  Out of Memory Error (arena.cpp:189), pid=26096, tid=18008
#
# JRE version: OpenJDK Runtime Environment Temurin-17.0.8+7 (17.0.8+7) (build 17.0.8+7)
# Java VM: OpenJDK 64-Bit Server VM Temurin-17.0.8+7 (17.0.8+7, mixed mode, tiered, compressed oops, compressed class ptrs, g1 gc, windows-amd64)
# No core dump will be written. Minidumps are not enabled by default on client versions of Windows
#

---------------  S U M M A R Y ------------

Command Line: -Dfile.encoding=UTF-8 --module-path=C:\HOCTAP\PhatTrienUngDung\GIT_DUAN\PTUD_2023_Nhom07_DHKTPM17ATT\QLKaraoke\Karaoke4T\sqljdbc4.jar -XX:+ShowCodeDetailsInExceptionMessages GiaoDien.GD_PhongHat

Host: AMD Ryzen 5 3550H with Radeon Vega Mobile Gfx  , 8 cores, 5G,  Windows 11 , 64 bit Build 22621 (10.0.22621.2428)
Time: Sun Nov 12 15:01:01 2023 SE Asia Standard Time elapsed time: 89.371180 seconds (0d 0h 1m 29s)

---------------  T H R E A D  ---------------

Current thread (0x000001766b12fd00):  JavaThread "C2 CompilerThread0" daemon [_thread_in_native, id=18008, stack(0x0000005604a00000,0x0000005604b00000)]


Current CompileTask:
C2:  89371 3260   !   4       sun.awt.PostEventQueue::flush (168 bytes)

Stack: [0x0000005604a00000,0x0000005604b00000]
Native frames: (J=compiled Java code, j=interpreted, Vv=VM code, C=native code)
V  [jvm.dll+0x678b0a]
V  [jvm.dll+0x835e84]
V  [jvm.dll+0x83762e]
V  [jvm.dll+0x837c93]
V  [jvm.dll+0x24746f]
V  [jvm.dll+0xac20c]
V  [jvm.dll+0xac7dc]
V  [jvm.dll+0x365ca7]
V  [jvm.dll+0x1bd012]
V  [jvm.dll+0x219d49]
V  [jvm.dll+0x219011]
V  [jvm.dll+0x1a534d]
V  [jvm.dll+0x228d8a]
V  [jvm.dll+0x226dcc]
V  [jvm.dll+0x7ec09b]
V  [jvm.dll+0x7e64ca]
V  [jvm.dll+0x677955]
C  [ucrtbase.dll+0x29363]
C  [KERNEL32.DLL+0x1257d]
C  [ntdll.dll+0x5aa78]


---------------  P R O C E S S  ---------------

Threads class SMR info:
_java_thread_list=0x0000017673cfab80, length=18, elements={
0x0000017666f34ad0, 0x0000017666f35920, 0x000001766b11a5f0, 0x000001766b11b6d0,
0x000001766b11bfa0, 0x000001766b11c870, 0x000001766b12fd00, 0x000001766b130a20,
0x000001766b133730, 0x000001766b2c18f0, 0x000001766b7820d0, 0x000001766b8d94d0,
0x000001766b8d49f0, 0x000001766b8d5250, 0x000001766b7f5ee0, 0x000001764e2768b0,
0x000001766bb795a0, 0x000001766bb7aef0
}

Java Threads: ( => current thread )
  0x0000017666f34ad0 JavaThread "Reference Handler" daemon [_thread_blocked, id=24860, stack(0x0000005604400000,0x0000005604500000)]
  0x0000017666f35920 JavaThread "Finalizer" daemon [_thread_blocked, id=9584, stack(0x0000005604500000,0x0000005604600000)]
  0x000001766b11a5f0 JavaThread "Signal Dispatcher" daemon [_thread_blocked, id=25620, stack(0x0000005604600000,0x0000005604700000)]
  0x000001766b11b6d0 JavaThread "Attach Listener" daemon [_thread_blocked, id=14912, stack(0x0000005604700000,0x0000005604800000)]
  0x000001766b11bfa0 JavaThread "Service Thread" daemon [_thread_blocked, id=25836, stack(0x0000005604800000,0x0000005604900000)]
  0x000001766b11c870 JavaThread "Monitor Deflation Thread" daemon [_thread_blocked, id=11896, stack(0x0000005604900000,0x0000005604a00000)]
=>0x000001766b12fd00 JavaThread "C2 CompilerThread0" daemon [_thread_in_native, id=18008, stack(0x0000005604a00000,0x0000005604b00000)]
  0x000001766b130a20 JavaThread "C1 CompilerThread0" daemon [_thread_blocked, id=25976, stack(0x0000005604b00000,0x0000005604c00000)]
  0x000001766b133730 JavaThread "Sweeper thread" daemon [_thread_blocked, id=24612, stack(0x0000005604c00000,0x0000005604d00000)]
  0x000001766b2c18f0 JavaThread "Common-Cleaner" daemon [_thread_blocked, id=25008, stack(0x0000005604d00000,0x0000005604e00000)]
  0x000001766b7820d0 JavaThread "Notification Thread" daemon [_thread_blocked, id=19284, stack(0x0000005605000000,0x0000005605100000)]
  0x000001766b8d94d0 JavaThread "Java2D Disposer" daemon [_thread_blocked, id=2756, stack(0x0000005605200000,0x0000005605300000)]
  0x000001766b8d49f0 JavaThread "AWT-Shutdown" [_thread_blocked, id=21208, stack(0x0000005605300000,0x0000005605400000)]
  0x000001766b8d5250 JavaThread "AWT-Windows" daemon [_thread_in_native, id=3380, stack(0x0000005605400000,0x0000005605500000)]
  0x000001766b7f5ee0 JavaThread "AWT-EventQueue-0" [_thread_blocked, id=2308, stack(0x0000005604f00000,0x0000005605000000)]
  0x000001764e2768b0 JavaThread "DestroyJavaVM" [_thread_blocked, id=2492, stack(0x0000005603d00000,0x0000005603e00000)]
  0x000001766bb795a0 JavaThread "TimerQueue" daemon [_thread_blocked, id=26420, stack(0x0000005606600000,0x0000005606700000)]
  0x000001766bb7aef0 JavaThread "D3D Screen Updater" daemon [_thread_blocked, id=6528, stack(0x0000005606900000,0x0000005606a00000)]

Other Threads:
  0x0000017666f2fb60 VMThread "VM Thread" [stack: 0x0000005604300000,0x0000005604400000] [id=22136]
  0x000001766b30e200 WatcherThread [stack: 0x0000005605100000,0x0000005605200000] [id=26556]
  0x000001764e2c2290 GCTaskThread "GC Thread#0" [stack: 0x0000005603e00000,0x0000005603f00000] [id=25804]
  0x00000176733dd800 GCTaskThread "GC Thread#1" [stack: 0x0000005605e00000,0x0000005605f00000] [id=26088]
  0x0000017673491210 GCTaskThread "GC Thread#2" [stack: 0x0000005605f00000,0x0000005606000000] [id=26600]
  0x00000176734914d0 GCTaskThread "GC Thread#3" [stack: 0x0000005606000000,0x0000005606100000] [id=26240]
  0x00000176734997b0 GCTaskThread "GC Thread#4" [stack: 0x0000005606100000,0x0000005606200000] [id=24548]
  0x0000017673499a70 GCTaskThread "GC Thread#5" [stack: 0x0000005606200000,0x0000005606300000] [id=26608]
  0x0000017673519ad0 GCTaskThread "GC Thread#6" [stack: 0x0000005606300000,0x0000005606400000] [id=14660]
  0x000001767351bda0 GCTaskThread "GC Thread#7" [stack: 0x0000005606400000,0x0000005606500000] [id=23988]
  0x000001764e2d0030 ConcurrentGCThread "G1 Main Marker" [stack: 0x0000005603f00000,0x0000005604000000] [id=25848]
  0x000001764e2d11e0 ConcurrentGCThread "G1 Conc#0" [stack: 0x0000005604000000,0x0000005604100000] [id=22432]
  0x0000017673510e30 ConcurrentGCThread "G1 Conc#1" [stack: 0x0000005606500000,0x0000005606600000] [id=26168]
  0x000001764e325cd0 ConcurrentGCThread "G1 Refine#0" [stack: 0x0000005604100000,0x0000005604200000] [id=17784]
  0x0000017666da1bf0 ConcurrentGCThread "G1 Service" [stack: 0x0000005604200000,0x0000005604300000] [id=4904]

Threads with active compile tasks:
C2 CompilerThread0    89431 3260   !   4       sun.awt.PostEventQueue::flush (168 bytes)

VM state: not at safepoint (normal execution)

VM Mutex/Monitor currently owned by a thread: None

Heap address: 0x00000000a0e00000, size: 1522 MB, Compressed Oops mode: 32-bit

CDS archive(s) not mapped
Compressed class space mapped at: 0x0000000100000000-0x0000000140000000, reserved size: 1073741824
Narrow klass base: 0x0000000000000000, Narrow klass shift: 3, Narrow klass range: 0x140000000

GC Precious Log:
 CPUs: 8 total, 8 available
 Memory: 6081M
 Large Page Support: Disabled
 NUMA Support: Disabled
 Compressed Oops: Enabled (32-bit)
 Heap Region Size: 1M
 Heap Min Capacity: 8M
 Heap Initial Capacity: 96M
 Heap Max Capacity: 1522M
 Pre-touch: Disabled
 Parallel Workers: 8
 Concurrent Workers: 2
 Concurrent Refinement Workers: 8
 Periodic GC: Disabled

Heap:
 garbage-first heap   total 58368K, used 14734K [0x00000000a0e00000, 0x0000000100000000)
  region size 1024K, 6 young (6144K), 2 survivors (2048K)
 Metaspace       used 28854K, committed 28992K, reserved 1114112K
  class space    used 3024K, committed 3072K, reserved 1048576K

Heap Regions: E=young(eden), S=young(survivor), O=old, HS=humongous(starts), HC=humongous(continues), CS=collection set, F=free, OA=open archive, CA=closed archive, TAMS=top-at-mark-start (previous, next)
|   0|0x00000000a0e00000, 0x00000000a0e28200, 0x00000000a0f00000| 15%| O|  |TAMS 0x00000000a0e00000, 0x00000000a0e00000| Untracked 
|   1|0x00000000a0f00000, 0x00000000a1000000, 0x00000000a1000000|100%| O|  |TAMS 0x00000000a0f00000, 0x00000000a1000000| Untracked 
|   2|0x00000000a1000000, 0x00000000a1100000, 0x00000000a1100000|100%| O|  |TAMS 0x00000000a1000000, 0x00000000a1100000| Untracked 
|   3|0x00000000a1100000, 0x00000000a1200000, 0x00000000a1200000|100%| O|  |TAMS 0x00000000a1100000, 0x00000000a1200000| Untracked 
|   4|0x00000000a1200000, 0x00000000a1300000, 0x00000000a1300000|100%| O|  |TAMS 0x00000000a1200000, 0x00000000a1300000| Untracked 
|   5|0x00000000a1300000, 0x00000000a1300000, 0x00000000a1400000|  0%| F|  |TAMS 0x00000000a1300000, 0x00000000a1300000| Untracked 
|   6|0x00000000a1400000, 0x00000000a1400000, 0x00000000a1500000|  0%| F|  |TAMS 0x00000000a1400000, 0x00000000a1400000| Untracked 
|   7|0x00000000a1500000, 0x00000000a1600000, 0x00000000a1600000|100%| O|  |TAMS 0x00000000a1500000, 0x00000000a1600000| Untracked 
|   8|0x00000000a1600000, 0x00000000a1700000, 0x00000000a1700000|100%| O|  |TAMS 0x00000000a1600000, 0x00000000a169ba00| Untracked 
|   9|0x00000000a1700000, 0x00000000a1800000, 0x00000000a1800000|100%|HS|  |TAMS 0x00000000a1700000, 0x00000000a1700000| Complete 
|  10|0x00000000a1800000, 0x00000000a1900000, 0x00000000a1900000|100%|HC|  |TAMS 0x00000000a1800000, 0x00000000a1800000| Complete 
|  11|0x00000000a1900000, 0x00000000a1a00000, 0x00000000a1a00000|100%|HC|  |TAMS 0x00000000a1900000, 0x00000000a1900000| Complete 
|  12|0x00000000a1a00000, 0x00000000a1b00000, 0x00000000a1b00000|100%|HC|  |TAMS 0x00000000a1a00000, 0x00000000a1a00000| Complete 
|  13|0x00000000a1b00000, 0x00000000a1b00000, 0x00000000a1c00000|  0%| F|  |TAMS 0x00000000a1b00000, 0x00000000a1b00000| Untracked 
|  14|0x00000000a1c00000, 0x00000000a1c00000, 0x00000000a1d00000|  0%| F|  |TAMS 0x00000000a1c00000, 0x00000000a1c00000| Untracked 
|  15|0x00000000a1d00000, 0x00000000a1d00000, 0x00000000a1e00000|  0%| F|  |TAMS 0x00000000a1d00000, 0x00000000a1d00000| Untracked 
|  16|0x00000000a1e00000, 0x00000000a1e00000, 0x00000000a1f00000|  0%| F|  |TAMS 0x00000000a1e00000, 0x00000000a1e00000| Untracked 
|  17|0x00000000a1f00000, 0x00000000a1f00000, 0x00000000a2000000|  0%| F|  |TAMS 0x00000000a1f00000, 0x00000000a1f00000| Untracked 
|  18|0x00000000a2000000, 0x00000000a2000000, 0x00000000a2100000|  0%| F|  |TAMS 0x00000000a2000000, 0x00000000a2000000| Untracked 
|  19|0x00000000a2100000, 0x00000000a2100000, 0x00000000a2200000|  0%| F|  |TAMS 0x00000000a2100000, 0x00000000a2100000| Untracked 
|  20|0x00000000a2200000, 0x00000000a2200000, 0x00000000a2300000|  0%| F|  |TAMS 0x00000000a2200000, 0x00000000a2200000| Untracked 
|  21|0x00000000a2300000, 0x00000000a2300000, 0x00000000a2400000|  0%| F|  |TAMS 0x00000000a2300000, 0x00000000a2300000| Untracked 
|  22|0x00000000a2400000, 0x00000000a2400000, 0x00000000a2500000|  0%| F|  |TAMS 0x00000000a2400000, 0x00000000a2400000| Untracked 
|  23|0x00000000a2500000, 0x00000000a2500000, 0x00000000a2600000|  0%| F|  |TAMS 0x00000000a2500000, 0x00000000a2500000| Untracked 
|  24|0x00000000a2600000, 0x00000000a2600000, 0x00000000a2700000|  0%| F|  |TAMS 0x00000000a2600000, 0x00000000a2600000| Untracked 
|  25|0x00000000a2700000, 0x00000000a2700000, 0x00000000a2800000|  0%| F|  |TAMS 0x00000000a2700000, 0x00000000a2700000| Untracked 
|  26|0x00000000a2800000, 0x00000000a283b760, 0x00000000a2900000| 23%| S|CS|TAMS 0x00000000a2800000, 0x00000000a2800000| Complete 
|  27|0x00000000a2900000, 0x00000000a2a00000, 0x00000000a2a00000|100%| S|CS|TAMS 0x00000000a2900000, 0x00000000a2900000| Complete 
|  28|0x00000000a2a00000, 0x00000000a2a00000, 0x00000000a2b00000|  0%| F|  |TAMS 0x00000000a2a00000, 0x00000000a2a00000| Untracked 
|  29|0x00000000a2b00000, 0x00000000a2b00000, 0x00000000a2c00000|  0%| F|  |TAMS 0x00000000a2b00000, 0x00000000a2b00000| Untracked 
|  30|0x00000000a2c00000, 0x00000000a2c00000, 0x00000000a2d00000|  0%| F|  |TAMS 0x00000000a2c00000, 0x00000000a2c00000| Untracked 
|  31|0x00000000a2d00000, 0x00000000a2d00000, 0x00000000a2e00000|  0%| F|  |TAMS 0x00000000a2d00000, 0x00000000a2d00000| Untracked 
|  32|0x00000000a2e00000, 0x00000000a2e00000, 0x00000000a2f00000|  0%| F|  |TAMS 0x00000000a2e00000, 0x00000000a2e00000| Untracked 
|  33|0x00000000a2f00000, 0x00000000a2f00000, 0x00000000a3000000|  0%| F|  |TAMS 0x00000000a2f00000, 0x00000000a2f00000| Untracked 
|  34|0x00000000a3000000, 0x00000000a3000000, 0x00000000a3100000|  0%| F|  |TAMS 0x00000000a3000000, 0x00000000a3000000| Untracked 
|  35|0x00000000a3100000, 0x00000000a3100000, 0x00000000a3200000|  0%| F|  |TAMS 0x00000000a3100000, 0x00000000a3100000| Untracked 
|  36|0x00000000a3200000, 0x00000000a3200000, 0x00000000a3300000|  0%| F|  |TAMS 0x00000000a3200000, 0x00000000a3200000| Untracked 
|  37|0x00000000a3300000, 0x00000000a3300000, 0x00000000a3400000|  0%| F|  |TAMS 0x00000000a3300000, 0x00000000a3300000| Untracked 
|  38|0x00000000a3400000, 0x00000000a3400000, 0x00000000a3500000|  0%| F|  |TAMS 0x00000000a3400000, 0x00000000a3400000| Untracked 
|  39|0x00000000a3500000, 0x00000000a3500000, 0x00000000a3600000|  0%| F|  |TAMS 0x00000000a3500000, 0x00000000a3500000| Untracked 
|  40|0x00000000a3600000, 0x00000000a3600000, 0x00000000a3700000|  0%| F|  |TAMS 0x00000000a3600000, 0x00000000a3600000| Untracked 
|  41|0x00000000a3700000, 0x00000000a3700000, 0x00000000a3800000|  0%| F|  |TAMS 0x00000000a3700000, 0x00000000a3700000| Untracked 
|  42|0x00000000a3800000, 0x00000000a3800000, 0x00000000a3900000|  0%| F|  |TAMS 0x00000000a3800000, 0x00000000a3800000| Untracked 
|  43|0x00000000a3900000, 0x00000000a3900000, 0x00000000a3a00000|  0%| F|  |TAMS 0x00000000a3900000, 0x00000000a3900000| Untracked 
|  44|0x00000000a3a00000, 0x00000000a3a00000, 0x00000000a3b00000|  0%| F|  |TAMS 0x00000000a3a00000, 0x00000000a3a00000| Untracked 
|  45|0x00000000a3b00000, 0x00000000a3b00000, 0x00000000a3c00000|  0%| F|  |TAMS 0x00000000a3b00000, 0x00000000a3b00000| Untracked 
|  46|0x00000000a3c00000, 0x00000000a3c00000, 0x00000000a3d00000|  0%| F|  |TAMS 0x00000000a3c00000, 0x00000000a3c00000| Untracked 
|  47|0x00000000a3d00000, 0x00000000a3d00000, 0x00000000a3e00000|  0%| F|  |TAMS 0x00000000a3d00000, 0x00000000a3d00000| Untracked 
|  48|0x00000000a3e00000, 0x00000000a3e00000, 0x00000000a3f00000|  0%| F|  |TAMS 0x00000000a3e00000, 0x00000000a3e00000| Untracked 
|  49|0x00000000a3f00000, 0x00000000a3f00000, 0x00000000a4000000|  0%| F|  |TAMS 0x00000000a3f00000, 0x00000000a3f00000| Untracked 
|  50|0x00000000a4000000, 0x00000000a4000000, 0x00000000a4100000|  0%| F|  |TAMS 0x00000000a4000000, 0x00000000a4000000| Untracked 
|  51|0x00000000a4100000, 0x00000000a4100000, 0x00000000a4200000|  0%| F|  |TAMS 0x00000000a4100000, 0x00000000a4100000| Untracked 
|  52|0x00000000a4200000, 0x00000000a4200000, 0x00000000a4300000|  0%| F|  |TAMS 0x00000000a4200000, 0x00000000a4200000| Untracked 
|  77|0x00000000a5b00000, 0x00000000a5bf5190, 0x00000000a5c00000| 95%| E|  |TAMS 0x00000000a5b00000, 0x00000000a5b00000| Complete 
|  78|0x00000000a5c00000, 0x00000000a5d00000, 0x00000000a5d00000|100%| E|CS|TAMS 0x00000000a5c00000, 0x00000000a5c00000| Complete 
|  79|0x00000000a5d00000, 0x00000000a5e00000, 0x00000000a5e00000|100%| E|CS|TAMS 0x00000000a5d00000, 0x00000000a5d00000| Complete 
|  95|0x00000000a6d00000, 0x00000000a6e00000, 0x00000000a6e00000|100%| E|CS|TAMS 0x00000000a6d00000, 0x00000000a6d00000| Complete 

Card table byte_map: [0x0000017660f60000,0x0000017661260000] _byte_map_base: 0x0000017660a59000

Marking Bits (Prev, Next): (CMBitMap*) 0x000001764e2c3900, (CMBitMap*) 0x000001764e2c38c0
 Prev Bits: [0x0000017662d30000, 0x00000176644f8000)
 Next Bits: [0x0000017661560000, 0x0000017662d28000)

Polling page: 0x000001764c1e0000

Metaspace:

Usage:
  Non-class:     25.22 MB used.
      Class:      2.95 MB used.
       Both:     28.18 MB used.

Virtual space:
  Non-class space:       64.00 MB reserved,      25.31 MB ( 40%) committed,  1 nodes.
      Class space:        1.00 GB reserved,       3.00 MB ( <1%) committed,  1 nodes.
             Both:        1.06 GB reserved,      28.31 MB (  3%) committed. 

Chunk freelists:
   Non-Class:  6.00 MB
       Class:  13.00 MB
        Both:  19.00 MB

MaxMetaspaceSize: unlimited
CompressedClassSpaceSize: 1.00 GB
Initial GC threshold: 21.00 MB
Current GC threshold: 35.12 MB
CDS: off
MetaspaceReclaimPolicy: balanced
 - commit_granule_bytes: 65536.
 - commit_granule_words: 8192.
 - virtual_space_node_default_size: 8388608.
 - enlarge_chunks_in_place: 1.
 - new_chunks_are_fully_committed: 0.
 - uncommit_free_chunks: 1.
 - use_allocation_guard: 0.
 - handle_deallocations: 1.


Internal statistics:

num_allocs_failed_limit: 3.
num_arena_births: 160.
num_arena_deaths: 0.
num_vsnodes_births: 2.
num_vsnodes_deaths: 0.
num_space_committed: 453.
num_space_uncommitted: 0.
num_chunks_returned_to_freelist: 3.
num_chunks_taken_from_freelist: 347.
num_chunk_merges: 0.
num_chunk_splits: 193.
num_chunks_enlarged: 120.
num_inconsistent_stats: 0.

CodeHeap 'non-profiled nmethods': size=120000Kb used=1656Kb max_used=1656Kb free=118343Kb
 bounds [0x0000017659400000, 0x0000017659670000, 0x0000017660930000]
CodeHeap 'profiled nmethods': size=120000Kb used=6254Kb max_used=6254Kb free=113745Kb
 bounds [0x0000017651930000, 0x0000017651f50000, 0x0000017658e60000]
CodeHeap 'non-nmethods': size=5760Kb used=1408Kb max_used=1461Kb free=4351Kb
 bounds [0x0000017658e60000, 0x00000176590d0000, 0x0000017659400000]
 total_blobs=4025 nmethods=3259 adapters=677
 compilation: enabled
              stopped_count=0, restarted_count=0
 full_count=0

Compilation events (20 events):
Event: 82.241 Thread 0x000001766b12fd00 nmethod 3250 0x0000017659587b10 code [0x0000017659587c80, 0x0000017659587d18]
Event: 82.392 Thread 0x000001766b12fd00 3251   !   4       java.awt.EventDispatchThread::filterAndCheckEvent (108 bytes)
Event: 82.397 Thread 0x000001766b12fd00 nmethod 3251 0x0000017659587e10 code [0x0000017659587fa0, 0x00000176595882f8]
Event: 82.397 Thread 0x000001766b12fd00 3252   !   4       java.awt.EventDispatchThread::pumpOneEventForFilters (113 bytes)
Event: 82.962 Thread 0x000001766b12fd00 nmethod 3252 0x0000017659588590 code [0x0000017659588ce0, 0x00000176595927d0]
Event: 83.986 Thread 0x000001766b12fd00 3253       4       java.util.concurrent.locks.LockSupport::unpark (12 bytes)
Event: 83.987 Thread 0x000001766b12fd00 nmethod 3253 0x0000017659595e90 code [0x0000017659596020, 0x00000176595960c8]
Event: 83.999 Thread 0x000001766b12fd00 3254   !   4       sun.awt.AWTAutoShutdown::notifyThreadFree (74 bytes)
Event: 84.019 Thread 0x000001766b12fd00 nmethod 3254 0x0000017659596190 code [0x0000017659596380, 0x0000017659596f98]
Event: 84.559 Thread 0x000001766b12fd00 3255       4       sun.util.calendar.BaseCalendar::getCalendarDateFromFixedDate (305 bytes)
Event: 84.567 Thread 0x000001766b12fd00 nmethod 3255 0x0000017659597690 code [0x0000017659597820, 0x0000017659597d18]
Event: 84.622 Thread 0x000001766b12fd00 3256       4       sun.util.calendar.ZoneInfo::getOffsets (342 bytes)
Event: 84.630 Thread 0x000001766b12fd00 nmethod 3256 0x0000017659598310 code [0x00000176595984a0, 0x0000017659598758]
Event: 84.685 Thread 0x000001766b12fd00 3257       4       java.util.GregorianCalendar::computeFields (1585 bytes)
Event: 84.733 Thread 0x000001766b12fd00 nmethod 3257 0x0000017659598b10 code [0x0000017659598d20, 0x000001765959a188]
Event: 84.734 Thread 0x000001766b12fd00 3258       4       sun.util.calendar.ZoneInfo::getOffsets (8 bytes)
Event: 84.735 Thread 0x000001766b12fd00 nmethod 3258 0x000001765959b810 code [0x000001765959b9a0, 0x000001765959ba48]
Event: 86.917 Thread 0x000001766b12fd00 3259       4       java.util.Calendar$Builder::build (641 bytes)
Event: 87.021 Thread 0x000001766b12fd00 nmethod 3259 0x000001765959bb10 code [0x000001765959bd60, 0x000001765959d498]
Event: 88.883 Thread 0x000001766b12fd00 3260   !   4       sun.awt.PostEventQueue::flush (168 bytes)

GC Heap History (12 events):
Event: 2.157 GC heap before
{Heap before GC invocations=0 (full 0):
 garbage-first heap   total 98304K, used 14336K [0x00000000a0e00000, 0x0000000100000000)
  region size 1024K, 16 young (16384K), 0 survivors (0K)
 Metaspace       used 21294K, committed 21504K, reserved 1114112K
  class space    used 2232K, committed 2368K, reserved 1048576K
}
Event: 2.167 GC heap after
{Heap after GC invocations=1 (full 0):
 garbage-first heap   total 98304K, used 3543K [0x00000000a0e00000, 0x0000000100000000)
  region size 1024K, 3 young (3072K), 3 survivors (3072K)
 Metaspace       used 21294K, committed 21504K, reserved 1114112K
  class space    used 2232K, committed 2368K, reserved 1048576K
}
Event: 2.757 GC heap before
{Heap before GC invocations=2 (full 0):
 garbage-first heap   total 17408K, used 10711K [0x00000000a0e00000, 0x0000000100000000)
  region size 1024K, 10 young (10240K), 3 survivors (3072K)
 Metaspace       used 26318K, committed 26496K, reserved 1114112K
  class space    used 2783K, committed 2880K, reserved 1048576K
}
Event: 2.764 GC heap after
{Heap after GC invocations=3 (full 0):
 garbage-first heap   total 17408K, used 5697K [0x00000000a0e00000, 0x0000000100000000)
  region size 1024K, 2 young (2048K), 2 survivors (2048K)
 Metaspace       used 26318K, committed 26496K, reserved 1114112K
  class space    used 2783K, committed 2880K, reserved 1048576K
}
Event: 2.820 GC heap before
{Heap before GC invocations=3 (full 0):
 garbage-first heap   total 17408K, used 5697K [0x00000000a0e00000, 0x0000000100000000)
  region size 1024K, 3 young (3072K), 2 survivors (2048K)
 Metaspace       used 26448K, committed 26688K, reserved 1114112K
  class space    used 2800K, committed 2944K, reserved 1048576K
}
Event: 2.824 GC heap after
{Heap after GC invocations=4 (full 0):
 garbage-first heap   total 17408K, used 6438K [0x00000000a0e00000, 0x0000000100000000)
  region size 1024K, 1 young (1024K), 1 survivors (1024K)
 Metaspace       used 26448K, committed 26688K, reserved 1114112K
  class space    used 2800K, committed 2944K, reserved 1048576K
}
Event: 2.850 GC heap before
{Heap before GC invocations=4 (full 0):
 garbage-first heap   total 17408K, used 8486K [0x00000000a0e00000, 0x0000000100000000)
  region size 1024K, 4 young (4096K), 1 survivors (1024K)
 Metaspace       used 26475K, committed 26752K, reserved 1114112K
  class space    used 2803K, committed 2944K, reserved 1048576K
}
Event: 2.851 GC heap after
{Heap after GC invocations=5 (full 0):
 garbage-first heap   total 17408K, used 6562K [0x00000000a0e00000, 0x0000000100000000)
  region size 1024K, 1 young (1024K), 1 survivors (1024K)
 Metaspace       used 26475K, committed 26752K, reserved 1114112K
  class space    used 2803K, committed 2944K, reserved 1048576K
}
Event: 2.860 GC heap before
{Heap before GC invocations=5 (full 0):
 garbage-first heap   total 17408K, used 6562K [0x00000000a0e00000, 0x0000000100000000)
  region size 1024K, 2 young (2048K), 1 survivors (1024K)
 Metaspace       used 26504K, committed 26752K, reserved 1114112K
  class space    used 2808K, committed 2944K, reserved 1048576K
}
Event: 2.862 GC heap after
{Heap after GC invocations=6 (full 0):
 garbage-first heap   total 58368K, used 6378K [0x00000000a0e00000, 0x0000000100000000)
  region size 1024K, 1 young (1024K), 1 survivors (1024K)
 Metaspace       used 26504K, committed 26752K, reserved 1114112K
  class space    used 2808K, committed 2944K, reserved 1048576K
}
Event: 73.339 GC heap before
{Heap before GC invocations=6 (full 0):
 garbage-first heap   total 58368K, used 38122K [0x00000000a0e00000, 0x0000000100000000)
  region size 1024K, 29 young (29696K), 1 survivors (1024K)
 Metaspace       used 28853K, committed 28992K, reserved 1114112K
  class space    used 3024K, committed 3072K, reserved 1048576K
}
Event: 73.374 GC heap after
{Heap after GC invocations=7 (full 0):
 garbage-first heap   total 58368K, used 11662K [0x00000000a0e00000, 0x0000000100000000)
  region size 1024K, 2 young (2048K), 2 survivors (2048K)
 Metaspace       used 28853K, committed 28992K, reserved 1114112K
  class space    used 3024K, committed 3072K, reserved 1048576K
}

Dll operation events (9 events):
Event: 0.018 Loaded shared library C:\Users\admin\.p2\pool\plugins\org.eclipse.justj.openjdk.hotspot.jre.full.win32.x86_64_17.0.8.v20230801-1951\jre\bin\java.dll
Event: 0.329 Loaded shared library C:\Users\admin\.p2\pool\plugins\org.eclipse.justj.openjdk.hotspot.jre.full.win32.x86_64_17.0.8.v20230801-1951\jre\bin\net.dll
Event: 0.335 Loaded shared library C:\Users\admin\.p2\pool\plugins\org.eclipse.justj.openjdk.hotspot.jre.full.win32.x86_64_17.0.8.v20230801-1951\jre\bin\nio.dll
Event: 0.354 Loaded shared library C:\Users\admin\.p2\pool\plugins\org.eclipse.justj.openjdk.hotspot.jre.full.win32.x86_64_17.0.8.v20230801-1951\jre\bin\zip.dll
Event: 0.607 Loaded shared library C:\Users\admin\.p2\pool\plugins\org.eclipse.justj.openjdk.hotspot.jre.full.win32.x86_64_17.0.8.v20230801-1951\jre\bin\jimage.dll
Event: 0.805 Loaded shared library C:\Users\admin\.p2\pool\plugins\org.eclipse.justj.openjdk.hotspot.jre.full.win32.x86_64_17.0.8.v20230801-1951\jre\bin\awt.dll
Event: 1.043 Loaded shared library C:\Users\admin\.p2\pool\plugins\org.eclipse.justj.openjdk.hotspot.jre.full.win32.x86_64_17.0.8.v20230801-1951\jre\bin\freetype.dll
Event: 1.045 Loaded shared library C:\Users\admin\.p2\pool\plugins\org.eclipse.justj.openjdk.hotspot.jre.full.win32.x86_64_17.0.8.v20230801-1951\jre\bin\fontmanager.dll
Event: 1.852 Loaded shared library C:\Users\admin\.p2\pool\plugins\org.eclipse.justj.openjdk.hotspot.jre.full.win32.x86_64_17.0.8.v20230801-1951\jre\bin\sunmscapi.dll

Deoptimization events (20 events):
Event: 60.728 Thread 0x000001766b7f5ee0 Uncommon trap: trap_request=0xffffffde fr.pc=0x000001765955da20 relative=0x0000000000006b40
Event: 60.728 Thread 0x000001766b7f5ee0 Uncommon trap: reason=class_check action=maybe_recompile pc=0x000001765955da20 method=java.awt.EventQueue.coalesceEvent(Ljava/awt/AWTEvent;I)Z @ 32 c2
Event: 60.728 Thread 0x000001766b7f5ee0 DEOPT PACKING pc=0x000001765955da20 sp=0x0000005604fff010
Event: 60.728 Thread 0x000001766b7f5ee0 DEOPT UNPACKING pc=0x0000017658eb69a3 sp=0x0000005604ffee88 mode 2
Event: 61.910 Thread 0x000001766b7f5ee0 Uncommon trap: trap_request=0xffffff45 fr.pc=0x000001765955b5bc relative=0x00000000000046dc
Event: 61.910 Thread 0x000001766b7f5ee0 Uncommon trap: reason=unstable_if action=reinterpret pc=0x000001765955b5bc method=java.awt.EventQueue.getPriority(Ljava/awt/AWTEvent;)I @ 4 c2
Event: 61.910 Thread 0x000001766b7f5ee0 DEOPT PACKING pc=0x000001765955b5bc sp=0x0000005604ffe730
Event: 61.911 Thread 0x000001766b7f5ee0 DEOPT UNPACKING pc=0x0000017658eb69a3 sp=0x0000005604ffe628 mode 2
Event: 61.924 Thread 0x000001766b7f5ee0 Uncommon trap: trap_request=0xffffff45 fr.pc=0x0000017659568324 relative=0x0000000000000084
Event: 61.924 Thread 0x000001766b7f5ee0 Uncommon trap: reason=unstable_if action=reinterpret pc=0x0000017659568324 method=java.util.IdentityHashMap.isEmpty()Z @ 4 c2
Event: 61.924 Thread 0x000001766b7f5ee0 DEOPT PACKING pc=0x0000017659568324 sp=0x0000005604ffe3b0
Event: 61.924 Thread 0x000001766b7f5ee0 DEOPT UNPACKING pc=0x0000017658eb69a3 sp=0x0000005604ffe2f0 mode 2
Event: 61.925 Thread 0x000001766b7f5ee0 Uncommon trap: trap_request=0xffffff45 fr.pc=0x000001765956312c relative=0x000000000000030c
Event: 61.925 Thread 0x000001766b7f5ee0 Uncommon trap: reason=unstable_if action=reinterpret pc=0x000001765956312c method=java.awt.EventQueue.eventToCacheIndex(Ljava/awt/AWTEvent;)I @ 71 c2
Event: 61.925 Thread 0x000001766b7f5ee0 DEOPT PACKING pc=0x000001765956312c sp=0x0000005604fff0e0
Event: 61.925 Thread 0x000001766b7f5ee0 DEOPT UNPACKING pc=0x0000017658eb69a3 sp=0x0000005604ffefb0 mode 2
Event: 61.942 Thread 0x000001766bb795a0 Uncommon trap: trap_request=0xffffff45 fr.pc=0x000001765954b6ec relative=0x0000000000005eac
Event: 61.942 Thread 0x000001766bb795a0 Uncommon trap: reason=unstable_if action=reinterpret pc=0x000001765954b6ec method=java.util.IdentityHashMap.isEmpty()Z @ 4 c2
Event: 61.942 Thread 0x000001766bb795a0 DEOPT PACKING pc=0x000001765954b6ec sp=0x00000056066ff470
Event: 61.942 Thread 0x000001766bb795a0 DEOPT UNPACKING pc=0x0000017658eb69a3 sp=0x00000056066fefd0 mode 2

Classes unloaded (0 events):
No events

Classes redefined (0 events):
No events

Internal exceptions (20 events):
Event: 1.119 Thread 0x000001764e2768b0 Exception <a 'java/lang/ClassNotFoundException'{0x00000000a66868b0}: javax/swing/JTreeCell> (0x00000000a66868b0) 
thrown [s\src\hotspot\share\classfile\systemDictionary.cpp, line 256]
Event: 1.119 Thread 0x000001764e2768b0 Exception <a 'java/lang/ClassNotFoundException'{0x00000000a6686bb0}: TreeCell> (0x00000000a6686bb0) 
thrown [s\src\hotspot\share\classfile\systemDictionary.cpp, line 256]
Event: 1.119 Thread 0x000001764e2768b0 Exception <a 'java/lang/ClassNotFoundException'{0x00000000a6687370}: RootPane> (0x00000000a6687370) 
thrown [s\src\hotspot\share\classfile\systemDictionary.cpp, line 256]
Event: 1.120 Thread 0x000001764e2768b0 Implicit null exception at 0x000001765943b1d8 to 0x000001765943b26a
Event: 1.120 Thread 0x000001764e2768b0 Implicit null exception at 0x000001765941df0f to 0x000001765941df85
Event: 1.123 Thread 0x000001764e2768b0 Exception <a 'java/lang/ClassNotFoundException'{0x00000000a668a1c0}: com/sun/swing/internal/plaf/metal/resources/spi/metalProvider> (0x00000000a668a1c0) 
thrown [s\src\hotspot\share\classfile\systemDictionary.cpp, line 256]
Event: 1.125 Thread 0x000001764e2768b0 Exception <a 'java/lang/ClassNotFoundException'{0x00000000a668dd40}: com/sun/swing/internal/plaf/basic/resources/spi/basicProvider> (0x00000000a668dd40) 
thrown [s\src\hotspot\share\classfile\systemDictionary.cpp, line 256]
Event: 1.500 Thread 0x000001766b7f5ee0 Exception <a 'java/lang/ClassNotFoundException'{0x00000000a650a950}: com/sun/swing/internal/plaf/synth/resources/spi/synthProvider> (0x00000000a650a950) 
thrown [s\src\hotspot\share\classfile\systemDictionary.cpp, line 256]
Event: 1.673 Thread 0x000001766b7f5ee0 Exception <a 'java/lang/NoSuchMethodError'{0x00000000a6265128}: 'void java.lang.invoke.DirectMethodHandle$Holder.invokeStatic(java.lang.Object, java.lang.Object)'> (0x00000000a6265128) 
thrown [s\src\hotspot\share\interpreter\linkResolver.cpp, line 759]
Event: 1.683 Thread 0x000001766b7f5ee0 Exception <a 'java/lang/NoSuchMethodError'{0x00000000a6274a58}: 'java.lang.Object java.lang.invoke.DirectMethodHandle$Holder.invokeStaticInit(java.lang.Object, int, int, int, int)'> (0x00000000a6274a58) 
thrown [s\src\hotspot\share\interpreter\linkResolver.cpp, line 759]
Event: 1.824 Thread 0x000001766b7f5ee0 Exception <a 'java/lang/NoSuchMethodError'{0x00000000a62c6328}: 'java.lang.Object java.lang.invoke.DirectMethodHandle$Holder.invokeStaticInit(java.lang.Object, java.lang.Object, int, int, int, int)'> (0x00000000a62c6328) 
thrown [s\src\hotspot\share\interpreter\linkResolver.cpp, line 759]
Event: 1.883 Thread 0x000001766b7f5ee0 Exception <a 'sun/nio/fs/WindowsException'{0x00000000a61ddf88}> (0x00000000a61ddf88) 
thrown [s\src\hotspot\share\prims\jni.cpp, line 516]
Event: 1.904 Thread 0x000001766b7f5ee0 Exception <a 'java/lang/NoSuchMethodError'{0x00000000a60036d8}: 'int java.lang.invoke.DirectMethodHandle$Holder.invokeStaticInit(java.lang.Object, java.lang.Object, java.lang.Object, java.lang.Object)'> (0x00000000a60036d8) 
thrown [s\src\hotspot\share\interpreter\linkResolver.cpp, line 759]
Event: 1.906 Thread 0x000001766b7f5ee0 Exception <a 'java/lang/IncompatibleClassChangeError'{0x00000000a600c7d8}: Found class java.lang.Object, but interface was expected> (0x00000000a600c7d8) 
thrown [s\src\hotspot\share\interpreter\linkResolver.cpp, line 826]
Event: 1.907 Thread 0x000001766b7f5ee0 Exception <a 'java/lang/NoSuchMethodError'{0x00000000a600f650}: 'void java.lang.invoke.DirectMethodHandle$Holder.invokeStaticInit(java.lang.Object, java.lang.Object)'> (0x00000000a600f650) 
thrown [s\src\hotspot\share\interpreter\linkResolver.cpp, line 759]
Event: 1.910 Thread 0x000001766b7f5ee0 Exception <a 'java/lang/NoSuchMethodError'{0x00000000a6019708}: 'int java.lang.invoke.DirectMethodHandle$Holder.invokeStaticInit(java.lang.Object, java.lang.Object)'> (0x00000000a6019708) 
thrown [s\src\hotspot\share\interpreter\linkResolver.cpp, line 759]
Event: 2.350 Thread 0x000001766bb79fc0 Implicit null exception at 0x000001765944e772 to 0x000001765944ed4c
Event: 2.446 Thread 0x000001766bb79fc0 Exception <a 'java/lang/NoSuchMethodError'{0x00000000a1742398}: 'java.lang.Object java.lang.invoke.DirectMethodHandle$Holder.newInvokeSpecial(java.lang.Object, java.lang.Object, java.lang.Object, int, int, int, int, int)'> (0x00000000a1742398) 
thrown [s\src\hotspot\share\interpreter\linkResolver.cpp, line 759]
Event: 2.565 Thread 0x000001766b7f5ee0 Exception <a 'java/lang/NoSuchMethodError'{0x00000000a17c63f0}: 'void java.lang.invoke.DirectMethodHandle$Holder.invokeStaticInit(java.lang.Object)'> (0x00000000a17c63f0) 
thrown [s\src\hotspot\share\interpreter\linkResolver.cpp, line 759]
Event: 3.026 Thread 0x000001766b8d5250 Exception <a 'java/lang/NoSuchMethodError'{0x00000000a4108580}: 'void java.lang.invoke.DirectMethodHandle$Holder.invokeVirtual(java.lang.Object, java.lang.Object)'> (0x00000000a4108580) 
thrown [s\src\hotspot\share\interpreter\linkResolver.cpp, line 759]

VM Operations (20 events):
Event: 40.466 Executing VM operation: Cleanup
Event: 40.467 Executing VM operation: Cleanup done
Event: 44.506 Executing VM operation: Cleanup
Event: 44.506 Executing VM operation: Cleanup done
Event: 48.548 Executing VM operation: Cleanup
Event: 48.548 Executing VM operation: Cleanup done
Event: 53.611 Executing VM operation: Cleanup
Event: 53.611 Executing VM operation: Cleanup done
Event: 60.204 Executing VM operation: HandshakeAllThreads
Event: 60.204 Executing VM operation: HandshakeAllThreads done
Event: 61.215 Executing VM operation: Cleanup
Event: 61.215 Executing VM operation: Cleanup done
Event: 62.220 Executing VM operation: Cleanup
Event: 62.220 Executing VM operation: Cleanup done
Event: 71.323 Executing VM operation: Cleanup
Event: 71.324 Executing VM operation: Cleanup done
Event: 73.338 Executing VM operation: G1CollectForAllocation
Event: 73.374 Executing VM operation: G1CollectForAllocation done
Event: 82.449 Executing VM operation: Cleanup
Event: 82.449 Executing VM operation: Cleanup done

Events (20 events):
Event: 4.796 loading class javax/swing/JLayer done
Event: 4.806 Thread 0x0000017674302b10 Thread added: 0x0000017674302b10
Event: 4.814 loading class sun/awt/UngrabEvent
Event: 4.815 loading class sun/awt/UngrabEvent done
Event: 5.080 Thread 0x0000017674302b10 Thread exited: 0x0000017674302b10
Event: 5.135 loading class javax/swing/Autoscroller
Event: 5.135 loading class javax/swing/Autoscroller done
Event: 5.136 loading class javax/swing/plaf/basic/BasicPopupMenuUI$MouseGrabber$2
Event: 5.136 loading class javax/swing/plaf/basic/BasicPopupMenuUI$MouseGrabber$2 done
Event: 5.252 Thread 0x0000017673f22f60 Thread added: 0x0000017673f22f60
Event: 5.439 Thread 0x0000017673f22f60 Thread exited: 0x0000017673f22f60
Event: 5.462 loading class java/awt/LightweightDispatcher$2
Event: 5.462 loading class java/awt/LightweightDispatcher$2 done
Event: 8.006 Thread 0x000001766bb79fc0 Thread exited: 0x000001766bb79fc0
Event: 61.895 loading class java/awt/Window$1DisposeAction
Event: 61.896 loading class java/awt/Window$1DisposeAction done
Event: 61.897 loading class java/awt/KeyboardFocusManager$2
Event: 61.897 loading class java/awt/KeyboardFocusManager$2 done
Event: 61.897 loading class sun/awt/SunToolkit$1
Event: 61.898 loading class sun/awt/SunToolkit$1 done


Dynamic libraries:
0x00007ff611be0000 - 0x00007ff611bee000 	C:\Users\admin\.p2\pool\plugins\org.eclipse.justj.openjdk.hotspot.jre.full.win32.x86_64_17.0.8.v20230801-1951\jre\bin\javaw.exe
0x00007ff8d9450000 - 0x00007ff8d9667000 	C:\WINDOWS\SYSTEM32\ntdll.dll
0x00007ff8d8ee0000 - 0x00007ff8d8fa4000 	C:\WINDOWS\System32\KERNEL32.DLL
0x00007ff8d6d10000 - 0x00007ff8d70b6000 	C:\WINDOWS\System32\KERNELBASE.dll
0x00007ff8d6bf0000 - 0x00007ff8d6d01000 	C:\WINDOWS\System32\ucrtbase.dll
0x00007ff8cb900000 - 0x00007ff8cb917000 	C:\Users\admin\.p2\pool\plugins\org.eclipse.justj.openjdk.hotspot.jre.full.win32.x86_64_17.0.8.v20230801-1951\jre\bin\jli.dll
0x00007ff8cb3e0000 - 0x00007ff8cb3f9000 	C:\Users\admin\.p2\pool\plugins\org.eclipse.justj.openjdk.hotspot.jre.full.win32.x86_64_17.0.8.v20230801-1951\jre\bin\VCRUNTIME140.dll
0x00007ff8d8d30000 - 0x00007ff8d8edd000 	C:\WINDOWS\System32\USER32.dll
0x00007ff8d70c0000 - 0x00007ff8d70e6000 	C:\WINDOWS\System32\win32u.dll
0x00007ff8c6ea0000 - 0x00007ff8c7133000 	C:\WINDOWS\WinSxS\amd64_microsoft.windows.common-controls_6595b64144ccf1df_6.0.22621.2361_none_2712ced57382f843\COMCTL32.dll
0x00007ff8d8fb0000 - 0x00007ff8d9057000 	C:\WINDOWS\System32\msvcrt.dll
0x00007ff8d7560000 - 0x00007ff8d7589000 	C:\WINDOWS\System32\GDI32.dll
0x00007ff8d67d0000 - 0x00007ff8d68e8000 	C:\WINDOWS\System32\gdi32full.dll
0x00007ff8d6ae0000 - 0x00007ff8d6b7a000 	C:\WINDOWS\System32\msvcp_win.dll
0x00007ff8d7520000 - 0x00007ff8d7551000 	C:\WINDOWS\System32\IMM32.DLL
0x00007ff8cb8f0000 - 0x00007ff8cb8fc000 	C:\Users\admin\.p2\pool\plugins\org.eclipse.justj.openjdk.hotspot.jre.full.win32.x86_64_17.0.8.v20230801-1951\jre\bin\vcruntime140_1.dll
0x00007ff8c2cd0000 - 0x00007ff8c2d61000 	C:\Users\admin\.p2\pool\plugins\org.eclipse.justj.openjdk.hotspot.jre.full.win32.x86_64_17.0.8.v20230801-1951\jre\bin\msvcp140.dll
0x00007ff86bad0000 - 0x00007ff86c71c000 	C:\Users\admin\.p2\pool\plugins\org.eclipse.justj.openjdk.hotspot.jre.full.win32.x86_64_17.0.8.v20230801-1951\jre\bin\server\jvm.dll
0x00007ff8d9290000 - 0x00007ff8d9340000 	C:\WINDOWS\System32\ADVAPI32.dll
0x00007ff8d91e0000 - 0x00007ff8d9286000 	C:\WINDOWS\System32\sechost.dll
0x00007ff8d71b0000 - 0x00007ff8d72c7000 	C:\WINDOWS\System32\RPCRT4.dll
0x00007ff8d1ab0000 - 0x00007ff8d1ab9000 	C:\WINDOWS\SYSTEM32\WSOCK32.dll
0x00007ff8d64f0000 - 0x00007ff8d653d000 	C:\WINDOWS\SYSTEM32\POWRPROF.dll
0x00007ff8d83d0000 - 0x00007ff8d8441000 	C:\WINDOWS\System32\WS2_32.dll
0x00007ff8ceb10000 - 0x00007ff8ceb44000 	C:\WINDOWS\SYSTEM32\WINMM.dll
0x00007ff8cce50000 - 0x00007ff8cce5a000 	C:\WINDOWS\SYSTEM32\VERSION.dll
0x00007ff8d6420000 - 0x00007ff8d6433000 	C:\WINDOWS\SYSTEM32\UMPDC.dll
0x00007ff8d5770000 - 0x00007ff8d5788000 	C:\WINDOWS\SYSTEM32\kernel.appcore.dll
0x00007ff8d0c30000 - 0x00007ff8d0c3a000 	C:\Users\admin\.p2\pool\plugins\org.eclipse.justj.openjdk.hotspot.jre.full.win32.x86_64_17.0.8.v20230801-1951\jre\bin\jimage.dll
0x00007ff8c0370000 - 0x00007ff8c059e000 	C:\WINDOWS\SYSTEM32\DBGHELP.DLL
0x00007ff8d8780000 - 0x00007ff8d8b0a000 	C:\WINDOWS\System32\combase.dll
0x00007ff8d7440000 - 0x00007ff8d7517000 	C:\WINDOWS\System32\OLEAUT32.dll
0x00007ff8bfb70000 - 0x00007ff8bfba2000 	C:\WINDOWS\SYSTEM32\dbgcore.DLL
0x00007ff8d68f0000 - 0x00007ff8d696a000 	C:\WINDOWS\System32\bcryptPrimitives.dll
0x00007ff8c5fa0000 - 0x00007ff8c5fc5000 	C:\Users\admin\.p2\pool\plugins\org.eclipse.justj.openjdk.hotspot.jre.full.win32.x86_64_17.0.8.v20230801-1951\jre\bin\java.dll
0x00007ff8c5ec0000 - 0x00007ff8c5ed8000 	C:\Users\admin\.p2\pool\plugins\org.eclipse.justj.openjdk.hotspot.jre.full.win32.x86_64_17.0.8.v20230801-1951\jre\bin\zip.dll
0x00007ff8d7590000 - 0x00007ff8d7de8000 	C:\WINDOWS\System32\SHELL32.dll
0x00007ff8d46e0000 - 0x00007ff8d4fd2000 	C:\WINDOWS\SYSTEM32\windows.storage.dll
0x00007ff8d45a0000 - 0x00007ff8d46de000 	C:\WINDOWS\SYSTEM32\wintypes.dll
0x00007ff8d72d0000 - 0x00007ff8d73c3000 	C:\WINDOWS\System32\SHCORE.dll
0x00007ff8d8b10000 - 0x00007ff8d8b6e000 	C:\WINDOWS\System32\shlwapi.dll
0x00007ff8d6700000 - 0x00007ff8d6726000 	C:\WINDOWS\SYSTEM32\profapi.dll
0x00007ff8cbc80000 - 0x00007ff8cbc99000 	C:\Users\admin\.p2\pool\plugins\org.eclipse.justj.openjdk.hotspot.jre.full.win32.x86_64_17.0.8.v20230801-1951\jre\bin\net.dll
0x00007ff8cdb70000 - 0x00007ff8cdca7000 	C:\WINDOWS\SYSTEM32\WINHTTP.dll
0x00007ff8d5c40000 - 0x00007ff8d5ca9000 	C:\WINDOWS\system32\mswsock.dll
0x00007ff8cbc40000 - 0x00007ff8cbc55000 	C:\Users\admin\.p2\pool\plugins\org.eclipse.justj.openjdk.hotspot.jre.full.win32.x86_64_17.0.8.v20230801-1951\jre\bin\nio.dll
0x00007ff8b8c90000 - 0x00007ff8b8e1e000 	C:\Users\admin\.p2\pool\plugins\org.eclipse.justj.openjdk.hotspot.jre.full.win32.x86_64_17.0.8.v20230801-1951\jre\bin\awt.dll
0x00007ff8d3b30000 - 0x00007ff8d3bc7000 	C:\WINDOWS\SYSTEM32\apphelp.dll
0x00007ff8d3cf0000 - 0x00007ff8d3d9b000 	C:\WINDOWS\system32\uxtheme.dll
0x00007ff8d8280000 - 0x00007ff8d83cc000 	C:\WINDOWS\System32\MSCTF.dll
0x00007ff8d8560000 - 0x00007ff8d86ff000 	C:\WINDOWS\System32\ole32.dll
0x00007ff8d3f50000 - 0x00007ff8d3f7b000 	C:\WINDOWS\system32\DWMAPI.DLL
0x00007ff8c93d0000 - 0x00007ff8c9456000 	C:\Users\admin\.p2\pool\plugins\org.eclipse.justj.openjdk.hotspot.jre.full.win32.x86_64_17.0.8.v20230801-1951\jre\bin\freetype.dll
0x00007ff8c1b00000 - 0x00007ff8c1bd3000 	C:\Users\admin\.p2\pool\plugins\org.eclipse.justj.openjdk.hotspot.jre.full.win32.x86_64_17.0.8.v20230801-1951\jre\bin\fontmanager.dll
0x00007ff8b8b90000 - 0x00007ff8b8c90000 	C:\WINDOWS\system32\opengl32.dll
0x00007ff8c97b0000 - 0x00007ff8c97dd000 	C:\WINDOWS\SYSTEM32\GLU32.dll
0x00007ff8d3de0000 - 0x00007ff8d3e16000 	C:\WINDOWS\SYSTEM32\dxcore.dll
0x00007ff8cba20000 - 0x00007ff8cbbc9000 	C:\WINDOWS\system32\d3d9.dll
0x00007ff8d0e40000 - 0x00007ff8d0e8a000 	C:\WINDOWS\SYSTEM32\directxdatabasehelper.dll
0x00007ff8d6970000 - 0x00007ff8d6ad6000 	C:\WINDOWS\System32\crypt32.dll
0x00007ff8cb180000 - 0x00007ff8cb1b2000 	C:\WINDOWS\SYSTEM32\cryptnet.dll
0x00007ff8d5f40000 - 0x00007ff8d5f4c000 	C:\WINDOWS\SYSTEM32\cryptbase.dll
0x00007ff8d6b80000 - 0x00007ff8d6bec000 	C:\WINDOWS\System32\WINTRUST.DLL
0x00007ff8d5fb0000 - 0x00007ff8d5fc2000 	C:\WINDOWS\SYSTEM32\MSASN1.dll
0x00007ff8d9340000 - 0x00007ff8d935f000 	C:\WINDOWS\System32\imagehlp.dll
0x00007ff8d5f60000 - 0x00007ff8d5f7b000 	C:\WINDOWS\SYSTEM32\CRYPTSP.dll
0x00007ff8d5730000 - 0x00007ff8d5765000 	C:\WINDOWS\system32\rsaenh.dll
0x00007ff8d6110000 - 0x00007ff8d6138000 	C:\WINDOWS\SYSTEM32\bcrypt.dll
0x00007ff881680000 - 0x00007ff882e22000 	C:\WINDOWS\System32\DriverStore\FileRepository\nvacegpu.inf_amd64_efe127e721dd1bb8\nvd3dumx.dll
0x00007ff8b8a80000 - 0x00007ff8b8b82000 	C:\WINDOWS\System32\DriverStore\FileRepository\nvacegpu.inf_amd64_efe127e721dd1bb8\nvldumdx.dll
0x00007ff8d5cb0000 - 0x00007ff8d5cd6000 	C:\WINDOWS\SYSTEM32\gpapi.dll
0x00007ff8cce60000 - 0x00007ff8cd03b000 	C:\WINDOWS\System32\DriverStore\FileRepository\u0357645.inf_amd64_3c66802dbd4d45a0\B357435\aticfx64.dll
0x00007ff8c8f80000 - 0x00007ff8c8fb3000 	C:\WINDOWS\System32\DriverStore\FileRepository\u0357645.inf_amd64_3c66802dbd4d45a0\B357435\atiu9p64.dll
0x00007ff895df0000 - 0x00007ff896a86000 	C:\WINDOWS\System32\DriverStore\FileRepository\u0357645.inf_amd64_3c66802dbd4d45a0\B357435\atiumd64.dll
0x00000000592d0000 - 0x000000005a14d000 	C:\WINDOWS\System32\DriverStore\FileRepository\u0357645.inf_amd64_3c66802dbd4d45a0\B357435\atiumd6a.dll
0x00007ff8ccc40000 - 0x00007ff8ccc6f000 	C:\WINDOWS\SYSTEM32\amdihk64.dll
0x00007ff8d5270000 - 0x00007ff8d5369000 	C:\WINDOWS\SYSTEM32\DNSAPI.dll
0x00007ff8d5240000 - 0x00007ff8d526d000 	C:\WINDOWS\SYSTEM32\IPHLPAPI.DLL
0x00007ff8d8270000 - 0x00007ff8d8279000 	C:\WINDOWS\System32\NSI.dll
0x00007ff8c19b0000 - 0x00007ff8c19ba000 	C:\Windows\System32\rasadhlp.dll
0x00007ff8cb1d0000 - 0x00007ff8cb254000 	C:\WINDOWS\System32\fwpuclnt.dll
0x00007ff8d5ce0000 - 0x00007ff8d5d0c000 	C:\WINDOWS\SYSTEM32\USERENV.dll
0x00007ff8cd880000 - 0x00007ff8cd899000 	C:\WINDOWS\SYSTEM32\dhcpcsvc6.DLL
0x00007ff8cd860000 - 0x00007ff8cd87f000 	C:\WINDOWS\SYSTEM32\dhcpcsvc.DLL
0x00007ff8cd180000 - 0x00007ff8cd18e000 	C:\Users\admin\.p2\pool\plugins\org.eclipse.justj.openjdk.hotspot.jre.full.win32.x86_64_17.0.8.v20230801-1951\jre\bin\sunmscapi.dll
0x00007ff8d60e0000 - 0x00007ff8d610d000 	C:\WINDOWS\SYSTEM32\ncrypt.dll
0x00007ff8d60a0000 - 0x00007ff8d60d7000 	C:\WINDOWS\SYSTEM32\NTASN1.dll
0x00007ff8bcae0000 - 0x00007ff8bcaf7000 	C:\WINDOWS\system32\napinsp.dll
0x00007ff8bbc80000 - 0x00007ff8bbc9b000 	C:\WINDOWS\system32\pnrpnsp.dll
0x00007ff8bbc60000 - 0x00007ff8bbc71000 	C:\WINDOWS\System32\winrnr.dll
0x00007ff8cdd80000 - 0x00007ff8cdd95000 	C:\WINDOWS\system32\wshbth.dll
0x00007ff8bbc30000 - 0x00007ff8bbc51000 	C:\WINDOWS\system32\nlansp_c.dll
0x00007ff8d9360000 - 0x00007ff8d9410000 	C:\WINDOWS\System32\clbcatq.dll
0x00007ff8d2560000 - 0x00007ff8d2710000 	C:\WINDOWS\SYSTEM32\WindowsCodecs.dll
0x00007ff8c33c0000 - 0x00007ff8c341e000 	C:\WINDOWS\system32\dataexchange.dll
0x00007ff8ce420000 - 0x00007ff8ce6a5000 	C:\WINDOWS\system32\twinapi.appcore.dll
0x00007ff8c5bf0000 - 0x00007ff8c5d3a000 	C:\WINDOWS\SYSTEM32\textinputframework.dll
0x00007ff8d3850000 - 0x00007ff8d3983000 	C:\WINDOWS\SYSTEM32\CoreMessaging.dll
0x00007ff8d0550000 - 0x00007ff8d08bc000 	C:\WINDOWS\SYSTEM32\CoreUIComponents.dll

dbghelp: loaded successfully - version: 4.0.5 - missing functions: none
symbol engine: initialized successfully - sym options: 0x614 - pdb path: .;C:\Users\admin\.p2\pool\plugins\org.eclipse.justj.openjdk.hotspot.jre.full.win32.x86_64_17.0.8.v20230801-1951\jre\bin;C:\WINDOWS\SYSTEM32;C:\WINDOWS\WinSxS\amd64_microsoft.windows.common-controls_6595b64144ccf1df_6.0.22621.2361_none_2712ced57382f843;C:\Users\admin\.p2\pool\plugins\org.eclipse.justj.openjdk.hotspot.jre.full.win32.x86_64_17.0.8.v20230801-1951\jre\bin\server;C:\WINDOWS\System32\DriverStore\FileRepository\nvacegpu.inf_amd64_efe127e721dd1bb8;C:\WINDOWS\System32\DriverStore\FileRepository\u0357645.inf_amd64_3c66802dbd4d45a0\B357435

VM Arguments:
jvm_args: -Dfile.encoding=UTF-8 --module-path=C:\HOCTAP\PhatTrienUngDung\GIT_DUAN\PTUD_2023_Nhom07_DHKTPM17ATT\QLKaraoke\Karaoke4T\sqljdbc4.jar -XX:+ShowCodeDetailsInExceptionMessages 
java_command: GiaoDien.GD_PhongHat
java_class_path (initial): C:\HOCTAP\PhatTrienUngDung\GIT_DUAN\PTUD_2023_Nhom07_DHKTPM17ATT\QLKaraoke\Karaoke4T\bin;C:\HOCTAP\PhatTrienUngDung\GIT_DUAN\PTUD_2023_Nhom07_DHKTPM17ATT\QLKaraoke\Karaoke4T\jgoodies-forms-1.8.0.jar;C:\HOCTAP\PhatTrienUngDung\GIT_DUAN\PTUD_2023_Nhom07_DHKTPM17ATT\QLKaraoke\Karaoke4T\TimingFramework-0.55.jar;C:\HOCTAP\PhatTrienUngDung\GIT_DUAN\PTUD_2023_Nhom07_DHKTPM17ATT\QLKaraoke\Karaoke4T\jcalendar-1.4.jar
Launcher Type: SUN_STANDARD

[Global flags]
     intx CICompilerCount                          = 4                                         {product} {ergonomic}
     uint ConcGCThreads                            = 2                                         {product} {ergonomic}
     uint G1ConcRefinementThreads                  = 8                                         {product} {ergonomic}
   size_t G1HeapRegionSize                         = 1048576                                   {product} {ergonomic}
    uintx GCDrainStackTargetSize                   = 64                                        {product} {ergonomic}
   size_t InitialHeapSize                          = 100663296                                 {product} {ergonomic}
   size_t MarkStackSize                            = 4194304                                   {product} {ergonomic}
   size_t MaxHeapSize                              = 1595932672                                {product} {ergonomic}
   size_t MaxNewSize                               = 957349888                                 {product} {ergonomic}
   size_t MinHeapDeltaBytes                        = 1048576                                   {product} {ergonomic}
   size_t MinHeapSize                              = 8388608                                   {product} {ergonomic}
    uintx NonNMethodCodeHeapSize                   = 5839372                                {pd product} {ergonomic}
    uintx NonProfiledCodeHeapSize                  = 122909434                              {pd product} {ergonomic}
    uintx ProfiledCodeHeapSize                     = 122909434                              {pd product} {ergonomic}
    uintx ReservedCodeCacheSize                    = 251658240                              {pd product} {ergonomic}
     bool SegmentedCodeCache                       = true                                      {product} {ergonomic}
     bool ShowCodeDetailsInExceptionMessages       = true                                   {manageable} {command line}
   size_t SoftMaxHeapSize                          = 1595932672                             {manageable} {ergonomic}
     bool UseCompressedClassPointers               = true                           {product lp64_product} {ergonomic}
     bool UseCompressedOops                        = true                           {product lp64_product} {ergonomic}
     bool UseG1GC                                  = true                                      {product} {ergonomic}
     bool UseLargePagesIndividualAllocation        = false                                  {pd product} {ergonomic}

Logging:
Log output configuration:
 #0: stdout all=warning uptime,level,tags
 #1: stderr all=off uptime,level,tags

Environment Variables:
PATH=C:/Users/admin/.p2/pool/plugins/org.eclipse.justj.openjdk.hotspot.jre.full.win32.x86_64_17.0.8.v20230801-1951/jre/bin/server;C:/Users/admin/.p2/pool/plugins/org.eclipse.justj.openjdk.hotspot.jre.full.win32.x86_64_17.0.8.v20230801-1951/jre/bin;C:\Program Files (x86)\Common Files\Oracle\Java\javapath;C:\WINDOWS\system32;C:\WINDOWS;C:\WINDOWS\System32\Wbem;C:\WINDOWS\System32\WindowsPowerShell\v1.0\;C:\WINDOWS\System32\OpenSSH\;C:\Program Files\Git\cmd;C:\Program Files (x86)\Microsoft SQL Server\160\Tools\Binn\;C:\Program Files\Microsoft SQL Server\160\Tools\Binn\;C:\Program Files\Microsoft SQL Server\Client SDK\ODBC\170\Tools\Binn\;C:\Program Files\Microsoft SQL Server\160\DTS\Binn\;C:\Program Files (x86)\Microsoft SQL Server\160\DTS\Binn\;C:\Program Files\Azure Data Studio\bin;C:\Users\admin\AppData\Local\Microsoft\WindowsApps;;C:\Users\admin\AppData\Local\Programs\Microsoft VS Code\bin;C:\Program Files\Azure Data Studio\bin;C:\WINDOWS\System32;
USERNAME=admin
OS=Windows_NT
PROCESSOR_IDENTIFIER=AMD64 Family 23 Model 24 Stepping 1, AuthenticAMD
TMP=C:\Users\admin\AppData\Local\Temp
TEMP=C:\Users\admin\AppData\Local\Temp



---------------  S Y S T E M  ---------------

OS:
 Windows 11 , 64 bit Build 22621 (10.0.22621.2428)
OS uptime: 30 days 16:29 hours
Hyper-V role detected

CPU: total 8 (initial active 8) (8 cores per cpu, 2 threads per core) family 23 model 24 stepping 1 microcode 0x0, cx8, cmov, fxsr, ht, mmx, 3dnowpref, sse, sse2, sse3, ssse3, sse4a, sse4.1, sse4.2, popcnt, lzcnt, tsc, tscinvbit, avx, avx2, aes, clmul, bmi1, bmi2, adx, sha, fma, vzeroupper, clflush, clflushopt, hv
Processor Information for all 8 processors :
  Max Mhz: 2100, Current Mhz: 2100, Mhz Limit: 2100

Memory: 4k page, system-wide physical 6081M (372M free)
TotalPageFile size 24513M (AvailPageFile size 8M)
current process WorkingSet (physical memory assigned to process): 91M, peak: 185M
current process commit charge ("private bytes"): 256M, peak: 261M

vm_info: OpenJDK 64-Bit Server VM (17.0.8+7) for windows-amd64 JRE (17.0.8+7), built on Jul 18 2023 21:02:32 by "admin" with MS VC++ 16.7 (VS2019)

END.
