#
# A fatal error has been detected by the Java Runtime Environment:
#
#  EXCEPTION_ACCESS_VIOLATION (0xc0000005) at pc=0x00007ff8d2141be1, pid=24688, tid=7804
#
# JRE version:  (17.0.8+7) (build )
# Java VM: OpenJDK 64-Bit Server VM (17.0.8+7, mixed mode, sharing, tiered, unknown gc, windows-amd64)
# Problematic frame:
# C  [jimage.dll+0x1be1]
#
# No core dump will be written. Minidumps are not enabled by default on client versions of Windows
#
#

---------------  S U M M A R Y ------------

Command Line: 

Host: AMD Ryzen 5 3550H with Radeon Vega Mobile Gfx  , 8 cores, 5G,  Windows 11 , 64 bit Build 22621 (10.0.22621.2428)
Time: Sat Nov 11 22:29:33 2023 SE Asia Standard Time elapsed time: 0.326849 seconds (0d 0h 0m 0s)

---------------  T H R E A D  ---------------

Current thread is native thread

Stack: [0x000000f11a700000,0x000000f11a800000],  sp=0x000000f11a7fd350,  free space=1012k
Native frames: (J=compiled Java code, j=interpreted, Vv=VM code, C=native code)
C  [jimage.dll+0x1be1]
C  [jimage.dll+0x1d6f]
C  [jimage.dll+0x264d]
V  [jvm.dll+0x1f2d5a]
V  [jvm.dll+0xb07de]
V  [jvm.dll+0x7e6dfc]
V  [jvm.dll+0x3ee4af]
V  [jvm.dll+0x3f00c1]
C  [jli.dll+0x528b]
C  [ucrtbase.dll+0x29363]
C  [KERNEL32.DLL+0x1257d]
C  [ntdll.dll+0x5aa78]


siginfo: EXCEPTION_ACCESS_VIOLATION (0xc0000005), reading address 0x000000000000bc98


Registers:
RAX=0x0000000000002f1f, RBX=0x000000f11a7fd441, RCX=0x00007ff8d2146000, RDX=0x0000000000002f1f
RSP=0x000000f11a7fd350, RBP=0x000000f11a7fd440, RSI=0x000000000000719f, RDI=0x000000f11a7fd440
R8 =0x00007ff8d2144288, R9 =0x000000000000001c, R10=0x00007ff8952d8c00, R11=0x00007ff8d2146000
R12=0x0000000000000001, R13=0x0000024145221500, R14=0x000000f11a7fe4b0, R15=0x00007ff8952d8c28
RIP=0x00007ff8d2141be1, EFLAGS=0x0000000000010212

Top of Stack: (sp=0x000000f11a7fd350)
0x000000f11a7fd350:   0000024145160c84 000000005800045c
0x000000f11a7fd360:   0000024145160c9c 0000024145160c58
0x000000f11a7fd370:   000002414522ce80 00007ff8d2141d6f
0x000000f11a7fd380:   000000000000000b 000002414522ce80
0x000000f11a7fd390:   00000000000006f5 00000000000006f5
0x000000f11a7fd3a0:   00000000000006f5 00007ff8d949422a
0x000000f11a7fd3b0:   0000024145213380 000002415800045c
0x000000f11a7fd3c0:   0000024145210000 000000f15800045c
0x000000f11a7fd3d0:   00000000000006f5 0000024147540080
0x000000f11a7fd3e0:   00007f2e71842881 0000024145210150
0x000000f11a7fd3f0:   00007ff8952b7810 0000000000000017
0x000000f11a7fd400:   000002414522ce80 000000f11a7fe4b0
0x000000f11a7fd410:   000000000000000b 00007ff8d214264d
0x000000f11a7fd420:   0000024145210000 00007ff85800045c
0x000000f11a7fd430:   0000000000000788 0000024147569750
0x000000f11a7fd440:   61622e6176616a2f 692f6b646a2f6573 

Instructions: (pc=0x00007ff8d2141be1)
0x00007ff8d2141ae1:   48 85 c9 74 1d 80 3d 23 45 00 00 00 74 06 48 8b
0x00007ff8d2141af1:   53 18 eb 04 48 8b 53 40 e8 ae 0e 00 00 48 83 63
0x00007ff8d2141b01:   48 00 8b 4b 0c 83 f9 ff 74 09 e8 e4 0c 00 00 83
0x00007ff8d2141b11:   4b 0c ff 48 8b 4b 70 48 85 c9 74 0f ba 10 00 00
0x00007ff8d2141b21:   00 e8 fd 0e 00 00 48 83 63 70 00 48 83 c4 20 5b
0x00007ff8d2141b31:   c3 cc cc 40 53 48 83 ec 20 48 8b d9 48 8d 0d dc
0x00007ff8d2141b41:   46 00 00 e8 b3 0c 00 00 83 6b 08 01 75 24 48 8b
0x00007ff8d2141b51:   d3 48 8d 0d bf 44 00 00 e8 22 08 00 00 48 8b cb
0x00007ff8d2141b61:   e8 de fe ff ff ba 78 00 00 00 48 8b cb e8 b1 0e
0x00007ff8d2141b71:   00 00 48 8d 0d a6 46 00 00 48 83 c4 20 5b e9 80
0x00007ff8d2141b81:   0c 00 00 48 89 5c 24 08 48 89 74 24 10 57 48 83
0x00007ff8d2141b91:   ec 20 41 8b f1 4d 8b c8 48 8b fa 4c 8b d9 4d 85
0x00007ff8d2141ba1:   c0 74 78 85 f6 74 74 44 8a 12 48 8d 5a 01 48 8b
0x00007ff8d2141bb1:   d3 b8 93 01 00 01 eb 12 69 c0 93 01 00 01 41 0f
0x00007ff8d2141bc1:   b6 ca 44 8a 12 33 c1 48 ff c2 45 84 d2 75 e9 4d
0x00007ff8d2141bd1:   8b 03 0f ba f0 1f 33 d2 49 8b cb f7 f6 48 63 c2
0x00007ff8d2141be1:   41 8b 14 81 41 ff 50 08 85 c0 7e 24 8a 0f eb 10
0x00007ff8d2141bf1:   69 c0 93 01 00 01 0f b6 c9 33 c1 8a 0b 48 ff c3
0x00007ff8d2141c01:   84 c9 75 ec 0f ba f0 1f 33 d2 f7 f6 8b c2 eb 0e
0x00007ff8d2141c11:   79 09 83 c9 ff 2b c8 8b c1 eb 03 83 c8 ff 48 8b
0x00007ff8d2141c21:   5c 24 30 48 8b 74 24 38 48 83 c4 20 5f c3 cc 48
0x00007ff8d2141c31:   89 5c 24 08 48 89 74 24 10 57 48 83 ec 20 48 8b
0x00007ff8d2141c41:   f1 48 8d 0d d7 45 00 00 e8 ae 0b 00 00 33 ff 39
0x00007ff8d2141c51:   3d c2 43 00 00 76 24 48 8b 05 c1 43 00 00 48 8b
0x00007ff8d2141c61:   d6 48 8b 1c f8 48 8b 0b e8 72 1e 00 00 85 c0 74
0x00007ff8d2141c71:   2b ff c7 3b 3d 9e 43 00 00 72 dc 33 db 48 8d 0d
0x00007ff8d2141c81:   9b 45 00 00 e8 7a 0b 00 00 48 8b 74 24 38 48 8b
0x00007ff8d2141c91:   c3 48 8b 5c 24 30 48 83 c4 20 5f c3 ff 43 08 eb
0x00007ff8d2141ca1:   dc cc cc 48 89 5c 24 08 48 89 74 24 10 57 48 83
0x00007ff8d2141cb1:   ec 20 48 8b d9 48 8b f2 48 8b 49 10 49 8b f8 8b
0x00007ff8d2141cc1:   53 30 48 8b 01 ff 50 20 4c 8b 43 50 48 8b d6 48
0x00007ff8d2141cd1:   8b 4b 10 44 8b c8 e8 a8 fe ff ff 83 f8 ff 74 38 



---------------  P R O C E S S  ---------------

VM state: not at safepoint (not fully initialized)

VM Mutex/Monitor currently owned by a thread: None

GC Precious Log:
<Not initialized>


Dynamic libraries:
0x00007ff6e5f30000 - 0x00007ff6e5f3e000 	C:\Users\admin\.p2\pool\plugins\org.eclipse.justj.openjdk.hotspot.jre.full.win32.x86_64_17.0.8.v20230801-1951\jre\bin\javaw.exe
0x00007ff8d9450000 - 0x00007ff8d9667000 	C:\WINDOWS\SYSTEM32\ntdll.dll
0x00007ff8d8ee0000 - 0x00007ff8d8fa4000 	C:\WINDOWS\System32\KERNEL32.DLL
0x00007ff8d6d10000 - 0x00007ff8d70b6000 	C:\WINDOWS\System32\KERNELBASE.dll
0x00007ff8d6bf0000 - 0x00007ff8d6d01000 	C:\WINDOWS\System32\ucrtbase.dll
0x00007ff8c8f60000 - 0x00007ff8c8f77000 	C:\Users\admin\.p2\pool\plugins\org.eclipse.justj.openjdk.hotspot.jre.full.win32.x86_64_17.0.8.v20230801-1951\jre\bin\jli.dll
0x00007ff8d8d30000 - 0x00007ff8d8edd000 	C:\WINDOWS\System32\USER32.dll
0x00007ff8d70c0000 - 0x00007ff8d70e6000 	C:\WINDOWS\System32\win32u.dll
0x00007ff8d7560000 - 0x00007ff8d7589000 	C:\WINDOWS\System32\GDI32.dll
0x00007ff8d67d0000 - 0x00007ff8d68e8000 	C:\WINDOWS\System32\gdi32full.dll
0x00007ff8d6ae0000 - 0x00007ff8d6b7a000 	C:\WINDOWS\System32\msvcp_win.dll
0x00007ff8c80c0000 - 0x00007ff8c80d9000 	C:\Users\admin\.p2\pool\plugins\org.eclipse.justj.openjdk.hotspot.jre.full.win32.x86_64_17.0.8.v20230801-1951\jre\bin\VCRUNTIME140.dll
0x00007ff8c6ea0000 - 0x00007ff8c7133000 	C:\WINDOWS\WinSxS\amd64_microsoft.windows.common-controls_6595b64144ccf1df_6.0.22621.2361_none_2712ced57382f843\COMCTL32.dll
0x00007ff8d8fb0000 - 0x00007ff8d9057000 	C:\WINDOWS\System32\msvcrt.dll
0x00007ff8d7520000 - 0x00007ff8d7551000 	C:\WINDOWS\System32\IMM32.DLL
0x00007ff8c9030000 - 0x00007ff8c903c000 	C:\Users\admin\.p2\pool\plugins\org.eclipse.justj.openjdk.hotspot.jre.full.win32.x86_64_17.0.8.v20230801-1951\jre\bin\vcruntime140_1.dll
0x00007ff8a62d0000 - 0x00007ff8a6361000 	C:\Users\admin\.p2\pool\plugins\org.eclipse.justj.openjdk.hotspot.jre.full.win32.x86_64_17.0.8.v20230801-1951\jre\bin\msvcp140.dll
0x00007ff8949a0000 - 0x00007ff8955ec000 	C:\Users\admin\.p2\pool\plugins\org.eclipse.justj.openjdk.hotspot.jre.full.win32.x86_64_17.0.8.v20230801-1951\jre\bin\server\jvm.dll
0x00007ff8d9290000 - 0x00007ff8d9340000 	C:\WINDOWS\System32\ADVAPI32.dll
0x00007ff8d91e0000 - 0x00007ff8d9286000 	C:\WINDOWS\System32\sechost.dll
0x00007ff8d71b0000 - 0x00007ff8d72c7000 	C:\WINDOWS\System32\RPCRT4.dll
0x00007ff8d64f0000 - 0x00007ff8d653d000 	C:\WINDOWS\SYSTEM32\POWRPROF.dll
0x00007ff8d2160000 - 0x00007ff8d2169000 	C:\WINDOWS\SYSTEM32\WSOCK32.dll
0x00007ff8d83d0000 - 0x00007ff8d8441000 	C:\WINDOWS\System32\WS2_32.dll
0x00007ff8ceb10000 - 0x00007ff8ceb44000 	C:\WINDOWS\SYSTEM32\WINMM.dll
0x00007ff8cce50000 - 0x00007ff8cce5a000 	C:\WINDOWS\SYSTEM32\VERSION.dll
0x00007ff8d6420000 - 0x00007ff8d6433000 	C:\WINDOWS\SYSTEM32\UMPDC.dll
0x00007ff8d5770000 - 0x00007ff8d5788000 	C:\WINDOWS\SYSTEM32\kernel.appcore.dll
0x00007ff8d2140000 - 0x00007ff8d214a000 	C:\Users\admin\.p2\pool\plugins\org.eclipse.justj.openjdk.hotspot.jre.full.win32.x86_64_17.0.8.v20230801-1951\jre\bin\jimage.dll
0x00007ff8c0370000 - 0x00007ff8c059e000 	C:\WINDOWS\SYSTEM32\DBGHELP.DLL
0x00007ff8d8780000 - 0x00007ff8d8b0a000 	C:\WINDOWS\System32\combase.dll
0x00007ff8d7440000 - 0x00007ff8d7517000 	C:\WINDOWS\System32\OLEAUT32.dll
0x00007ff8bfb70000 - 0x00007ff8bfba2000 	C:\WINDOWS\SYSTEM32\dbgcore.DLL
0x00007ff8d68f0000 - 0x00007ff8d696a000 	C:\WINDOWS\System32\bcryptPrimitives.dll

dbghelp: loaded successfully - version: 4.0.5 - missing functions: none
symbol engine: initialized successfully - sym options: 0x614 - pdb path: .;C:\Users\admin\.p2\pool\plugins\org.eclipse.justj.openjdk.hotspot.jre.full.win32.x86_64_17.0.8.v20230801-1951\jre\bin;C:\WINDOWS\SYSTEM32;C:\WINDOWS\WinSxS\amd64_microsoft.windows.common-controls_6595b64144ccf1df_6.0.22621.2361_none_2712ced57382f843;C:\Users\admin\.p2\pool\plugins\org.eclipse.justj.openjdk.hotspot.jre.full.win32.x86_64_17.0.8.v20230801-1951\jre\bin\server

VM Arguments:
java_command: <unknown>
java_class_path (initial): <not set>
Launcher Type: SUN_STANDARD

[Global flags]
     bool UseLargePagesIndividualAllocation        = false                                  {pd product} {ergonomic}

Logging:
Log output configuration:
 #0: stdout all=warning uptime,level,tags
 #1: stderr all=off uptime,level,tags

Environment Variables:
PATH=C:/Users/admin/.p2/pool/plugins/org.eclipse.justj.openjdk.hotspot.jre.full.win32.x86_64_17.0.8.v20230801-1951/jre/bin/server;C:/Users/admin/.p2/pool/plugins/org.eclipse.justj.openjdk.hotspot.jre.full.win32.x86_64_17.0.8.v20230801-1951/jre/bin;C:\Program Files (x86)\Common Files\Oracle\Java\javapath;C:\WINDOWS\system32;C:\WINDOWS;C:\WINDOWS\System32\Wbem;C:\WINDOWS\System32\WindowsPowerShell\v1.0\;C:\WINDOWS\System32\OpenSSH\;C:\Program Files\Git\cmd;C:\Program Files (x86)\Microsoft SQL Server\160\Tools\Binn\;C:\Program Files\Microsoft SQL Server\160\Tools\Binn\;C:\Program Files\Microsoft SQL Server\Client SDK\ODBC\170\Tools\Binn\;C:\Program Files\Microsoft SQL Server\160\DTS\Binn\;C:\Program Files (x86)\Microsoft SQL Server\160\DTS\Binn\;C:\Program Files\Azure Data Studio\bin;C:\Users\admin\AppData\Local\Microsoft\WindowsApps;;C:\Users\admin\AppData\Local\Programs\Microsoft VS Code\bin;C:\Program Files\Azure Data Studio\bin;C:\WINDOWS\System32;
USERNAME=admin
OS=Windows_NT
PROCESSOR_IDENTIFIER=AMD64 Family 23 Model 24 Stepping 1, AuthenticAMD
TMP=C:\Users\admin\AppData\Local\Temp
TEMP=C:\Users\admin\AppData\Local\Temp



---------------  S Y S T E M  ---------------

OS:
 Windows 11 , 64 bit Build 22621 (10.0.22621.2428)
OS uptime: 29 days 23:57 hours

CPU: total 8 (initial active 0) 
Processor Information for all 8 processors :
  Max Mhz: 2100, Current Mhz: 2100, Mhz Limit: 2100

Memory: 4k page, system-wide physical 6081M (116M free)
TotalPageFile size 24513M (AvailPageFile size 41M)
current process WorkingSet (physical memory assigned to process): 8M, peak: 8M
current process commit charge ("private bytes"): 3M, peak: 3M

vm_info: OpenJDK 64-Bit Server VM (17.0.8+7) for windows-amd64 JRE (17.0.8+7), built on Jul 18 2023 21:02:32 by "admin" with MS VC++ 16.7 (VS2019)

END.
