#
# There is insufficient memory for the Java Runtime Environment to continue.
# Native memory allocation (mmap) failed to map 65536 bytes for Failed to commit metaspace.
# Possible reasons:
#   The system is out of physical RAM or swap space
#   The process is running with CompressedOops enabled, and the Java Heap may be blocking the growth of the native heap
# Possible solutions:
#   Reduce memory load on the system
#   Increase physical memory or swap space
#   Check if swap backing store is full
#   Decrease Java heap size (-Xmx/-Xms)
#   Decrease number of Java threads
#   Decrease Java thread stack sizes (-Xss)
#   Set larger code cache with -XX:ReservedCodeCacheSize=
#   JVM is running with Unscaled Compressed Oops mode in which the Java heap is
#     placed in the first 4GB address space. The Java Heap base address is the
#     maximum limit for the native heap growth. Please use -XX:HeapBaseMinAddress
#     to set the Java Heap base and to place the Java Heap above 4GB virtual address.
# This output file may be truncated or incomplete.
#
#  Out of Memory Error (virtualSpaceNode.cpp:110), pid=24908, tid=9444
#
# JRE version: OpenJDK Runtime Environment Temurin-17.0.8+7 (17.0.8+7) (build 17.0.8+7)
# Java VM: OpenJDK 64-Bit Server VM Temurin-17.0.8+7 (17.0.8+7, mixed mode, tiered, compressed oops, compressed class ptrs, g1 gc, windows-amd64)
# No core dump will be written. Minidumps are not enabled by default on client versions of Windows
#

---------------  S U M M A R Y ------------

Command Line: -Dfile.encoding=UTF-8 --module-path=C:\HOCTAP\PhatTrienUngDung\GIT_DUAN\PTUD_2023_Nhom07_DHKTPM17ATT\QLKaraoke\Karaoke4T\sqljdbc4.jar -XX:+ShowCodeDetailsInExceptionMessages test.HienThiHinhAnhTuFile

Host: AMD Ryzen 5 3550H with Radeon Vega Mobile Gfx  , 8 cores, 5G,  Windows 11 , 64 bit Build 22621 (10.0.22621.2428)
Time: Sat Nov 11 22:29:35 2023 SE Asia Standard Time elapsed time: 2.892319 seconds (0d 0h 0m 2s)

---------------  T H R E A D  ---------------

Current thread (0x0000019af0813bd0):  JavaThread "main" [_thread_in_vm, id=9444, stack(0x00000029e8700000,0x00000029e8800000)]

Stack: [0x00000029e8700000,0x00000029e8800000]
Native frames: (J=compiled Java code, j=interpreted, Vv=VM code, C=native code)
V  [jvm.dll+0x678b0a]
V  [jvm.dll+0x835e84]
V  [jvm.dll+0x83762e]
V  [jvm.dll+0x837c93]
V  [jvm.dll+0x24746f]
V  [jvm.dll+0x831f1b]
V  [jvm.dll+0x61d3c6]
V  [jvm.dll+0x1c1aae]
V  [jvm.dll+0x61fd21]
V  [jvm.dll+0x61dd66]
V  [jvm.dll+0x23b9ff]
V  [jvm.dll+0x627c05]
V  [jvm.dll+0x1eb90b]
V  [jvm.dll+0x1ebe45]
V  [jvm.dll+0x1ec87f]
V  [jvm.dll+0x1e1d21]
V  [jvm.dll+0x53fba0]
V  [jvm.dll+0x1f2607]
V  [jvm.dll+0x7b06ab]
V  [jvm.dll+0x7b1a52]
V  [jvm.dll+0x7b1d88]
V  [jvm.dll+0x40e129]
V  [jvm.dll+0x3d8c45]
C  [awt.dll+0x9a06a]

Java frames: (J=compiled Java code, j=interpreted, Vv=VM code)
j  java.awt.Component.initIDs()V+0 java.desktop@17.0.8
j  java.awt.Component.<clinit>()V+102 java.desktop@17.0.8
v  ~StubRoutines::call_stub

---------------  P R O C E S S  ---------------

Threads class SMR info:
_java_thread_list=0x0000019afcbe21a0, length=12, elements={
0x0000019af0813bd0, 0x0000019afc46ab90, 0x0000019afc46bd60, 0x0000019afc4ae790,
0x0000019afc4b0070, 0x0000019afc4b0940, 0x0000019afc4b1210, 0x0000019afc4b1e10,
0x0000019afc4b8da0, 0x0000019afc4bba70, 0x0000019afc6eaab0, 0x0000019afcbc96f0
}

Java Threads: ( => current thread )
=>0x0000019af0813bd0 JavaThread "main" [_thread_in_vm, id=9444, stack(0x00000029e8700000,0x00000029e8800000)]
  0x0000019afc46ab90 JavaThread "Reference Handler" daemon [_thread_blocked, id=21116, stack(0x00000029e8e00000,0x00000029e8f00000)]
  0x0000019afc46bd60 JavaThread "Finalizer" daemon [_thread_blocked, id=10704, stack(0x00000029e8f00000,0x00000029e9000000)]
  0x0000019afc4ae790 JavaThread "Signal Dispatcher" daemon [_thread_blocked, id=10688, stack(0x00000029e9000000,0x00000029e9100000)]
  0x0000019afc4b0070 JavaThread "Attach Listener" daemon [_thread_blocked, id=20020, stack(0x00000029e9100000,0x00000029e9200000)]
  0x0000019afc4b0940 JavaThread "Service Thread" daemon [_thread_blocked, id=24788, stack(0x00000029e9200000,0x00000029e9300000)]
  0x0000019afc4b1210 JavaThread "Monitor Deflation Thread" daemon [_thread_blocked, id=6160, stack(0x00000029e9300000,0x00000029e9400000)]
  0x0000019afc4b1e10 JavaThread "C2 CompilerThread0" daemon [_thread_blocked, id=25416, stack(0x00000029e9400000,0x00000029e9500000)]
  0x0000019afc4b8da0 JavaThread "C1 CompilerThread0" daemon [_thread_blocked, id=25448, stack(0x00000029e9500000,0x00000029e9600000)]
  0x0000019afc4bba70 JavaThread "Sweeper thread" daemon [_thread_blocked, id=8316, stack(0x00000029e9600000,0x00000029e9700000)]
  0x0000019afc6eaab0 JavaThread "Common-Cleaner" daemon [_thread_blocked, id=16988, stack(0x00000029e9700000,0x00000029e9800000)]
  0x0000019afcbc96f0 JavaThread "Notification Thread" daemon [_thread_blocked, id=24976, stack(0x00000029e9800000,0x00000029e9900000)]

Other Threads:
  0x0000019afc422f50 VMThread "VM Thread" [stack: 0x00000029e8d00000,0x00000029e8e00000] [id=24400] _threads_hazard_ptr=0x0000019afcbe21a0
  0x0000019afcc0c760 WatcherThread [stack: 0x00000029e9900000,0x00000029e9a00000] [id=23336]
  0x0000019af0862a80 GCTaskThread "GC Thread#0" [stack: 0x00000029e8800000,0x00000029e8900000] [id=24084]
  0x0000019af086f710 ConcurrentGCThread "G1 Main Marker" [stack: 0x00000029e8900000,0x00000029e8a00000] [id=25440]
  0x0000019af0870020 ConcurrentGCThread "G1 Conc#0" [stack: 0x00000029e8a00000,0x00000029e8b00000] [id=14652]
  0x0000019af08c3b00 ConcurrentGCThread "G1 Refine#0" [stack: 0x00000029e8b00000,0x00000029e8c00000] [id=23276]
  0x0000019af08c4430 ConcurrentGCThread "G1 Service" [stack: 0x00000029e8c00000,0x00000029e8d00000] [id=24708]

Threads with active compile tasks:

VM state: synchronizing (normal execution)

VM Mutex/Monitor currently owned by a thread:  ([mutex/lock_event])
[0x0000019af066af80] Metaspace_lock - owner thread: 0x0000019af0813bd0
[0x0000019af080fc00] Threads_lock - owner thread: 0x0000019afc422f50

Heap address: 0x00000000a0e00000, size: 1522 MB, Compressed Oops mode: 32-bit

CDS archive(s) not mapped
Compressed class space mapped at: 0x0000000100000000-0x0000000140000000, reserved size: 1073741824
Narrow klass base: 0x0000000000000000, Narrow klass shift: 3, Narrow klass range: 0x140000000

GC Precious Log:
 CPUs: 8 total, 8 available
 Memory: 6081M
 Large Page Support: Disabled
 NUMA Support: Disabled
 Compressed Oops: Enabled (32-bit)
 Heap Region Size: 1M
 Heap Min Capacity: 8M
 Heap Initial Capacity: 96M
 Heap Max Capacity: 1522M
 Pre-touch: Disabled
 Parallel Workers: 8
 Concurrent Workers: 2
 Concurrent Refinement Workers: 8
 Periodic GC: Disabled

Heap:
 garbage-first heap   total 98304K, used 5120K [0x00000000a0e00000, 0x0000000100000000)
  region size 1024K, 6 young (6144K), 0 survivors (0K)
 Metaspace       used 10747K, committed 10880K, reserved 1114112K
  class space    used 982K, committed 1088K, reserved 1048576K

Heap Regions: E=young(eden), S=young(survivor), O=old, HS=humongous(starts), HC=humongous(continues), CS=collection set, F=free, OA=open archive, CA=closed archive, TAMS=top-at-mark-start (previous, next)
|   0|0x00000000a0e00000, 0x00000000a0e00000, 0x00000000a0f00000|  0%| F|  |TAMS 0x00000000a0e00000, 0x00000000a0e00000| Untracked 
|   1|0x00000000a0f00000, 0x00000000a0f00000, 0x00000000a1000000|  0%| F|  |TAMS 0x00000000a0f00000, 0x00000000a0f00000| Untracked 
|   2|0x00000000a1000000, 0x00000000a1000000, 0x00000000a1100000|  0%| F|  |TAMS 0x00000000a1000000, 0x00000000a1000000| Untracked 
|   3|0x00000000a1100000, 0x00000000a1100000, 0x00000000a1200000|  0%| F|  |TAMS 0x00000000a1100000, 0x00000000a1100000| Untracked 
|   4|0x00000000a1200000, 0x00000000a1200000, 0x00000000a1300000|  0%| F|  |TAMS 0x00000000a1200000, 0x00000000a1200000| Untracked 
|   5|0x00000000a1300000, 0x00000000a1300000, 0x00000000a1400000|  0%| F|  |TAMS 0x00000000a1300000, 0x00000000a1300000| Untracked 
|   6|0x00000000a1400000, 0x00000000a1400000, 0x00000000a1500000|  0%| F|  |TAMS 0x00000000a1400000, 0x00000000a1400000| Untracked 
|   7|0x00000000a1500000, 0x00000000a1500000, 0x00000000a1600000|  0%| F|  |TAMS 0x00000000a1500000, 0x00000000a1500000| Untracked 
|   8|0x00000000a1600000, 0x00000000a1600000, 0x00000000a1700000|  0%| F|  |TAMS 0x00000000a1600000, 0x00000000a1600000| Untracked 
|   9|0x00000000a1700000, 0x00000000a1700000, 0x00000000a1800000|  0%| F|  |TAMS 0x00000000a1700000, 0x00000000a1700000| Untracked 
|  10|0x00000000a1800000, 0x00000000a1800000, 0x00000000a1900000|  0%| F|  |TAMS 0x00000000a1800000, 0x00000000a1800000| Untracked 
|  11|0x00000000a1900000, 0x00000000a1900000, 0x00000000a1a00000|  0%| F|  |TAMS 0x00000000a1900000, 0x00000000a1900000| Untracked 
|  12|0x00000000a1a00000, 0x00000000a1a00000, 0x00000000a1b00000|  0%| F|  |TAMS 0x00000000a1a00000, 0x00000000a1a00000| Untracked 
|  13|0x00000000a1b00000, 0x00000000a1b00000, 0x00000000a1c00000|  0%| F|  |TAMS 0x00000000a1b00000, 0x00000000a1b00000| Untracked 
|  14|0x00000000a1c00000, 0x00000000a1c00000, 0x00000000a1d00000|  0%| F|  |TAMS 0x00000000a1c00000, 0x00000000a1c00000| Untracked 
|  15|0x00000000a1d00000, 0x00000000a1d00000, 0x00000000a1e00000|  0%| F|  |TAMS 0x00000000a1d00000, 0x00000000a1d00000| Untracked 
|  16|0x00000000a1e00000, 0x00000000a1e00000, 0x00000000a1f00000|  0%| F|  |TAMS 0x00000000a1e00000, 0x00000000a1e00000| Untracked 
|  17|0x00000000a1f00000, 0x00000000a1f00000, 0x00000000a2000000|  0%| F|  |TAMS 0x00000000a1f00000, 0x00000000a1f00000| Untracked 
|  18|0x00000000a2000000, 0x00000000a2000000, 0x00000000a2100000|  0%| F|  |TAMS 0x00000000a2000000, 0x00000000a2000000| Untracked 
|  19|0x00000000a2100000, 0x00000000a2100000, 0x00000000a2200000|  0%| F|  |TAMS 0x00000000a2100000, 0x00000000a2100000| Untracked 
|  20|0x00000000a2200000, 0x00000000a2200000, 0x00000000a2300000|  0%| F|  |TAMS 0x00000000a2200000, 0x00000000a2200000| Untracked 
|  21|0x00000000a2300000, 0x00000000a2300000, 0x00000000a2400000|  0%| F|  |TAMS 0x00000000a2300000, 0x00000000a2300000| Untracked 
|  22|0x00000000a2400000, 0x00000000a2400000, 0x00000000a2500000|  0%| F|  |TAMS 0x00000000a2400000, 0x00000000a2400000| Untracked 
|  23|0x00000000a2500000, 0x00000000a2500000, 0x00000000a2600000|  0%| F|  |TAMS 0x00000000a2500000, 0x00000000a2500000| Untracked 
|  24|0x00000000a2600000, 0x00000000a2600000, 0x00000000a2700000|  0%| F|  |TAMS 0x00000000a2600000, 0x00000000a2600000| Untracked 
|  25|0x00000000a2700000, 0x00000000a2700000, 0x00000000a2800000|  0%| F|  |TAMS 0x00000000a2700000, 0x00000000a2700000| Untracked 
|  26|0x00000000a2800000, 0x00000000a2800000, 0x00000000a2900000|  0%| F|  |TAMS 0x00000000a2800000, 0x00000000a2800000| Untracked 
|  27|0x00000000a2900000, 0x00000000a2900000, 0x00000000a2a00000|  0%| F|  |TAMS 0x00000000a2900000, 0x00000000a2900000| Untracked 
|  28|0x00000000a2a00000, 0x00000000a2a00000, 0x00000000a2b00000|  0%| F|  |TAMS 0x00000000a2a00000, 0x00000000a2a00000| Untracked 
|  29|0x00000000a2b00000, 0x00000000a2b00000, 0x00000000a2c00000|  0%| F|  |TAMS 0x00000000a2b00000, 0x00000000a2b00000| Untracked 
|  30|0x00000000a2c00000, 0x00000000a2c00000, 0x00000000a2d00000|  0%| F|  |TAMS 0x00000000a2c00000, 0x00000000a2c00000| Untracked 
|  31|0x00000000a2d00000, 0x00000000a2d00000, 0x00000000a2e00000|  0%| F|  |TAMS 0x00000000a2d00000, 0x00000000a2d00000| Untracked 
|  32|0x00000000a2e00000, 0x00000000a2e00000, 0x00000000a2f00000|  0%| F|  |TAMS 0x00000000a2e00000, 0x00000000a2e00000| Untracked 
|  33|0x00000000a2f00000, 0x00000000a2f00000, 0x00000000a3000000|  0%| F|  |TAMS 0x00000000a2f00000, 0x00000000a2f00000| Untracked 
|  34|0x00000000a3000000, 0x00000000a3000000, 0x00000000a3100000|  0%| F|  |TAMS 0x00000000a3000000, 0x00000000a3000000| Untracked 
|  35|0x00000000a3100000, 0x00000000a3100000, 0x00000000a3200000|  0%| F|  |TAMS 0x00000000a3100000, 0x00000000a3100000| Untracked 
|  36|0x00000000a3200000, 0x00000000a3200000, 0x00000000a3300000|  0%| F|  |TAMS 0x00000000a3200000, 0x00000000a3200000| Untracked 
|  37|0x00000000a3300000, 0x00000000a3300000, 0x00000000a3400000|  0%| F|  |TAMS 0x00000000a3300000, 0x00000000a3300000| Untracked 
|  38|0x00000000a3400000, 0x00000000a3400000, 0x00000000a3500000|  0%| F|  |TAMS 0x00000000a3400000, 0x00000000a3400000| Untracked 
|  39|0x00000000a3500000, 0x00000000a3500000, 0x00000000a3600000|  0%| F|  |TAMS 0x00000000a3500000, 0x00000000a3500000| Untracked 
|  40|0x00000000a3600000, 0x00000000a3600000, 0x00000000a3700000|  0%| F|  |TAMS 0x00000000a3600000, 0x00000000a3600000| Untracked 
|  41|0x00000000a3700000, 0x00000000a3700000, 0x00000000a3800000|  0%| F|  |TAMS 0x00000000a3700000, 0x00000000a3700000| Untracked 
|  42|0x00000000a3800000, 0x00000000a3800000, 0x00000000a3900000|  0%| F|  |TAMS 0x00000000a3800000, 0x00000000a3800000| Untracked 
|  43|0x00000000a3900000, 0x00000000a3900000, 0x00000000a3a00000|  0%| F|  |TAMS 0x00000000a3900000, 0x00000000a3900000| Untracked 
|  44|0x00000000a3a00000, 0x00000000a3a00000, 0x00000000a3b00000|  0%| F|  |TAMS 0x00000000a3a00000, 0x00000000a3a00000| Untracked 
|  45|0x00000000a3b00000, 0x00000000a3b00000, 0x00000000a3c00000|  0%| F|  |TAMS 0x00000000a3b00000, 0x00000000a3b00000| Untracked 
|  46|0x00000000a3c00000, 0x00000000a3c00000, 0x00000000a3d00000|  0%| F|  |TAMS 0x00000000a3c00000, 0x00000000a3c00000| Untracked 
|  47|0x00000000a3d00000, 0x00000000a3d00000, 0x00000000a3e00000|  0%| F|  |TAMS 0x00000000a3d00000, 0x00000000a3d00000| Untracked 
|  48|0x00000000a3e00000, 0x00000000a3e00000, 0x00000000a3f00000|  0%| F|  |TAMS 0x00000000a3e00000, 0x00000000a3e00000| Untracked 
|  49|0x00000000a3f00000, 0x00000000a3f00000, 0x00000000a4000000|  0%| F|  |TAMS 0x00000000a3f00000, 0x00000000a3f00000| Untracked 
|  50|0x00000000a4000000, 0x00000000a4000000, 0x00000000a4100000|  0%| F|  |TAMS 0x00000000a4000000, 0x00000000a4000000| Untracked 
|  51|0x00000000a4100000, 0x00000000a4100000, 0x00000000a4200000|  0%| F|  |TAMS 0x00000000a4100000, 0x00000000a4100000| Untracked 
|  52|0x00000000a4200000, 0x00000000a4200000, 0x00000000a4300000|  0%| F|  |TAMS 0x00000000a4200000, 0x00000000a4200000| Untracked 
|  53|0x00000000a4300000, 0x00000000a4300000, 0x00000000a4400000|  0%| F|  |TAMS 0x00000000a4300000, 0x00000000a4300000| Untracked 
|  54|0x00000000a4400000, 0x00000000a4400000, 0x00000000a4500000|  0%| F|  |TAMS 0x00000000a4400000, 0x00000000a4400000| Untracked 
|  55|0x00000000a4500000, 0x00000000a4500000, 0x00000000a4600000|  0%| F|  |TAMS 0x00000000a4500000, 0x00000000a4500000| Untracked 
|  56|0x00000000a4600000, 0x00000000a4600000, 0x00000000a4700000|  0%| F|  |TAMS 0x00000000a4600000, 0x00000000a4600000| Untracked 
|  57|0x00000000a4700000, 0x00000000a4700000, 0x00000000a4800000|  0%| F|  |TAMS 0x00000000a4700000, 0x00000000a4700000| Untracked 
|  58|0x00000000a4800000, 0x00000000a4800000, 0x00000000a4900000|  0%| F|  |TAMS 0x00000000a4800000, 0x00000000a4800000| Untracked 
|  59|0x00000000a4900000, 0x00000000a4900000, 0x00000000a4a00000|  0%| F|  |TAMS 0x00000000a4900000, 0x00000000a4900000| Untracked 
|  60|0x00000000a4a00000, 0x00000000a4a00000, 0x00000000a4b00000|  0%| F|  |TAMS 0x00000000a4a00000, 0x00000000a4a00000| Untracked 
|  61|0x00000000a4b00000, 0x00000000a4b00000, 0x00000000a4c00000|  0%| F|  |TAMS 0x00000000a4b00000, 0x00000000a4b00000| Untracked 
|  62|0x00000000a4c00000, 0x00000000a4c00000, 0x00000000a4d00000|  0%| F|  |TAMS 0x00000000a4c00000, 0x00000000a4c00000| Untracked 
|  63|0x00000000a4d00000, 0x00000000a4d00000, 0x00000000a4e00000|  0%| F|  |TAMS 0x00000000a4d00000, 0x00000000a4d00000| Untracked 
|  64|0x00000000a4e00000, 0x00000000a4e00000, 0x00000000a4f00000|  0%| F|  |TAMS 0x00000000a4e00000, 0x00000000a4e00000| Untracked 
|  65|0x00000000a4f00000, 0x00000000a4f00000, 0x00000000a5000000|  0%| F|  |TAMS 0x00000000a4f00000, 0x00000000a4f00000| Untracked 
|  66|0x00000000a5000000, 0x00000000a5000000, 0x00000000a5100000|  0%| F|  |TAMS 0x00000000a5000000, 0x00000000a5000000| Untracked 
|  67|0x00000000a5100000, 0x00000000a5100000, 0x00000000a5200000|  0%| F|  |TAMS 0x00000000a5100000, 0x00000000a5100000| Untracked 
|  68|0x00000000a5200000, 0x00000000a5200000, 0x00000000a5300000|  0%| F|  |TAMS 0x00000000a5200000, 0x00000000a5200000| Untracked 
|  69|0x00000000a5300000, 0x00000000a5300000, 0x00000000a5400000|  0%| F|  |TAMS 0x00000000a5300000, 0x00000000a5300000| Untracked 
|  70|0x00000000a5400000, 0x00000000a5400000, 0x00000000a5500000|  0%| F|  |TAMS 0x00000000a5400000, 0x00000000a5400000| Untracked 
|  71|0x00000000a5500000, 0x00000000a5500000, 0x00000000a5600000|  0%| F|  |TAMS 0x00000000a5500000, 0x00000000a5500000| Untracked 
|  72|0x00000000a5600000, 0x00000000a5600000, 0x00000000a5700000|  0%| F|  |TAMS 0x00000000a5600000, 0x00000000a5600000| Untracked 
|  73|0x00000000a5700000, 0x00000000a5700000, 0x00000000a5800000|  0%| F|  |TAMS 0x00000000a5700000, 0x00000000a5700000| Untracked 
|  74|0x00000000a5800000, 0x00000000a5800000, 0x00000000a5900000|  0%| F|  |TAMS 0x00000000a5800000, 0x00000000a5800000| Untracked 
|  75|0x00000000a5900000, 0x00000000a5900000, 0x00000000a5a00000|  0%| F|  |TAMS 0x00000000a5900000, 0x00000000a5900000| Untracked 
|  76|0x00000000a5a00000, 0x00000000a5a00000, 0x00000000a5b00000|  0%| F|  |TAMS 0x00000000a5a00000, 0x00000000a5a00000| Untracked 
|  77|0x00000000a5b00000, 0x00000000a5b00000, 0x00000000a5c00000|  0%| F|  |TAMS 0x00000000a5b00000, 0x00000000a5b00000| Untracked 
|  78|0x00000000a5c00000, 0x00000000a5c00000, 0x00000000a5d00000|  0%| F|  |TAMS 0x00000000a5c00000, 0x00000000a5c00000| Untracked 
|  79|0x00000000a5d00000, 0x00000000a5d00000, 0x00000000a5e00000|  0%| F|  |TAMS 0x00000000a5d00000, 0x00000000a5d00000| Untracked 
|  80|0x00000000a5e00000, 0x00000000a5e00000, 0x00000000a5f00000|  0%| F|  |TAMS 0x00000000a5e00000, 0x00000000a5e00000| Untracked 
|  81|0x00000000a5f00000, 0x00000000a5f00000, 0x00000000a6000000|  0%| F|  |TAMS 0x00000000a5f00000, 0x00000000a5f00000| Untracked 
|  82|0x00000000a6000000, 0x00000000a6000000, 0x00000000a6100000|  0%| F|  |TAMS 0x00000000a6000000, 0x00000000a6000000| Untracked 
|  83|0x00000000a6100000, 0x00000000a6100000, 0x00000000a6200000|  0%| F|  |TAMS 0x00000000a6100000, 0x00000000a6100000| Untracked 
|  84|0x00000000a6200000, 0x00000000a6200000, 0x00000000a6300000|  0%| F|  |TAMS 0x00000000a6200000, 0x00000000a6200000| Untracked 
|  85|0x00000000a6300000, 0x00000000a6300000, 0x00000000a6400000|  0%| F|  |TAMS 0x00000000a6300000, 0x00000000a6300000| Untracked 
|  86|0x00000000a6400000, 0x00000000a6400000, 0x00000000a6500000|  0%| F|  |TAMS 0x00000000a6400000, 0x00000000a6400000| Untracked 
|  87|0x00000000a6500000, 0x00000000a6500000, 0x00000000a6600000|  0%| F|  |TAMS 0x00000000a6500000, 0x00000000a6500000| Untracked 
|  88|0x00000000a6600000, 0x00000000a6600000, 0x00000000a6700000|  0%| F|  |TAMS 0x00000000a6600000, 0x00000000a6600000| Untracked 
|  89|0x00000000a6700000, 0x00000000a6700000, 0x00000000a6800000|  0%| F|  |TAMS 0x00000000a6700000, 0x00000000a6700000| Untracked 
|  90|0x00000000a6800000, 0x00000000a68eda98, 0x00000000a6900000| 92%| E|  |TAMS 0x00000000a6800000, 0x00000000a6800000| Complete 
|  91|0x00000000a6900000, 0x00000000a6a00000, 0x00000000a6a00000|100%| E|CS|TAMS 0x00000000a6900000, 0x00000000a6900000| Complete 
|  92|0x00000000a6a00000, 0x00000000a6b00000, 0x00000000a6b00000|100%| E|CS|TAMS 0x00000000a6a00000, 0x00000000a6a00000| Complete 
|  93|0x00000000a6b00000, 0x00000000a6c00000, 0x00000000a6c00000|100%| E|CS|TAMS 0x00000000a6b00000, 0x00000000a6b00000| Complete 
|  94|0x00000000a6c00000, 0x00000000a6d00000, 0x00000000a6d00000|100%| E|CS|TAMS 0x00000000a6c00000, 0x00000000a6c00000| Complete 
|  95|0x00000000a6d00000, 0x00000000a6e00000, 0x00000000a6e00000|100%| E|CS|TAMS 0x00000000a6d00000, 0x00000000a6d00000| Complete 

Card table byte_map: [0x0000019af6410000,0x0000019af6710000] _byte_map_base: 0x0000019af5f09000

Marking Bits (Prev, Next): (CMBitMap*) 0x0000019af0862fa0, (CMBitMap*) 0x0000019af0862fe0
 Prev Bits: [0x0000019af6a10000, 0x0000019af81d8000)
 Next Bits: [0x0000019af81e0000, 0x0000019af99a8000)

Polling page: 0x0000019af08d0000

Metaspace:

Usage:
  Non-class:      9.54 MB used.
      Class:    982.27 KB used.
       Both:     10.50 MB used.

Virtual space:
  Non-class space:       64.00 MB reserved,       9.56 MB ( 15%) committed,  1 nodes.
      Class space:        1.00 GB reserved,       1.06 MB ( <1%) committed,  1 nodes.
             Both:        1.06 GB reserved,      10.62 MB ( <1%) committed. 

Chunk freelists:
   Non-Class:  6.20 MB
       Class:  14.97 MB
        Both:  21.17 MB

MaxMetaspaceSize: unlimited
CompressedClassSpaceSize: 1.00 GB
Initial GC threshold: 21.00 MB
Current GC threshold: 21.00 MB
CDS: off
MetaspaceReclaimPolicy: balanced
 - commit_granule_bytes: 65536.
 - commit_granule_words: 8192.
 - virtual_space_node_default_size: 8388608.
 - enlarge_chunks_in_place: 1.
 - new_chunks_are_fully_committed: 0.
 - uncommit_free_chunks: 1.
 - use_allocation_guard: 0.
 - handle_deallocations: 1.


Internal statistics:

num_allocs_failed_limit: 0.
num_arena_births: 52.
num_arena_deaths: 0.
num_vsnodes_births: 2.
num_vsnodes_deaths: 0.
num_space_committed: 170.
num_space_uncommitted: 0.
num_chunks_returned_to_freelist: 0.
num_chunks_taken_from_freelist: 75.
num_chunk_merges: 0.
num_chunk_splits: 44.
num_chunks_enlarged: 26.
num_inconsistent_stats: 0.

CodeHeap 'non-profiled nmethods': size=120000Kb used=191Kb max_used=191Kb free=119808Kb
 bounds [0x0000019a87ad0000, 0x0000019a87d40000, 0x0000019a8f000000]
CodeHeap 'profiled nmethods': size=120000Kb used=910Kb max_used=910Kb free=119090Kb
 bounds [0x0000019a80000000, 0x0000019a80270000, 0x0000019a87530000]
CodeHeap 'non-nmethods': size=5760Kb used=1141Kb max_used=1155Kb free=4618Kb
 bounds [0x0000019a87530000, 0x0000019a877a0000, 0x0000019a87ad0000]
 total_blobs=1025 nmethods=598 adapters=340
 compilation: enabled
              stopped_count=0, restarted_count=0
 full_count=0

Compilation events (20 events):
Event: 2.875 Thread 0x0000019afc4b8da0  584       3       sun.invoke.util.VerifyType::isNullConversion (157 bytes)
Event: 2.877 Thread 0x0000019afc4b8da0 nmethod 584 0x0000019a800dab90 code [0x0000019a800daec0, 0x0000019a800dc4a8]
Event: 2.877 Thread 0x0000019afc4b8da0  586       3       java.util.ImmutableCollections$ListN::size (6 bytes)
Event: 2.877 Thread 0x0000019afc4b8da0 nmethod 586 0x0000019a800dc990 code [0x0000019a800dcb20, 0x0000019a800dcc38]
Event: 2.878 Thread 0x0000019afc4b8da0  585       3       java.lang.invoke.InvokerBytecodeGenerator::emitImplicitConversion (161 bytes)
Event: 2.879 Thread 0x0000019afc4b8da0 nmethod 585 0x0000019a800dcd10 code [0x0000019a800dd020, 0x0000019a800dde98]
Event: 2.879 Thread 0x0000019afc4b8da0  587       3       jdk.internal.org.objectweb.asm.SymbolTable::addConstantMemberReference (147 bytes)
Event: 2.880 Thread 0x0000019afc4b8da0 nmethod 587 0x0000019a800de390 code [0x0000019a800de600, 0x0000019a800deec8]
Event: 2.880 Thread 0x0000019afc4b8da0  588       3       jdk.internal.org.objectweb.asm.SymbolTable::hash (20 bytes)
Event: 2.881 Thread 0x0000019afc4b8da0 nmethod 588 0x0000019a800df410 code [0x0000019a800df5c0, 0x0000019a800df788]
Event: 2.881 Thread 0x0000019afc4b8da0  591       3       java.lang.invoke.MethodType::insertParameterTypes (121 bytes)
Event: 2.883 Thread 0x0000019afc4b8da0 nmethod 591 0x0000019a800df910 code [0x0000019a800dfbe0, 0x0000019a800e09a8]
Event: 2.883 Thread 0x0000019afc4b8da0  593   !   3       java.lang.invoke.MemberName::getFieldType (176 bytes)
Event: 2.885 Thread 0x0000019afc4b8da0 nmethod 593 0x0000019a800e0f10 code [0x0000019a800e1240, 0x0000019a800e2758]
Event: 2.885 Thread 0x0000019afc4b8da0  595       3       java.lang.invoke.LambdaForm$Name::<init> (54 bytes)
Event: 2.885 Thread 0x0000019afc4b8da0 nmethod 595 0x0000019a800e2e10 code [0x0000019a800e2fc0, 0x0000019a800e3278]
Event: 2.885 Thread 0x0000019afc4b8da0  594       1       java.lang.invoke.DirectMethodHandle::internalMemberName (5 bytes)
Event: 2.885 Thread 0x0000019afc4b8da0 nmethod 594 0x0000019a87aff910 code [0x0000019a87affaa0, 0x0000019a87affb78]
Event: 2.886 Thread 0x0000019afc4b8da0  597       3       java.lang.invoke.MemberName::isMethod (8 bytes)
Event: 2.886 Thread 0x0000019afc4b8da0 nmethod 597 0x0000019a800e3310 code [0x0000019a800e34c0, 0x0000019a800e36f8]

GC Heap History (0 events):
No events

Dll operation events (6 events):
Event: 0.076 Loaded shared library C:\Users\admin\.p2\pool\plugins\org.eclipse.justj.openjdk.hotspot.jre.full.win32.x86_64_17.0.8.v20230801-1951\jre\bin\java.dll
Event: 1.715 Loaded shared library C:\Users\admin\.p2\pool\plugins\org.eclipse.justj.openjdk.hotspot.jre.full.win32.x86_64_17.0.8.v20230801-1951\jre\bin\net.dll
Event: 1.719 Loaded shared library C:\Users\admin\.p2\pool\plugins\org.eclipse.justj.openjdk.hotspot.jre.full.win32.x86_64_17.0.8.v20230801-1951\jre\bin\nio.dll
Event: 1.781 Loaded shared library C:\Users\admin\.p2\pool\plugins\org.eclipse.justj.openjdk.hotspot.jre.full.win32.x86_64_17.0.8.v20230801-1951\jre\bin\zip.dll
Event: 2.265 Loaded shared library C:\Users\admin\.p2\pool\plugins\org.eclipse.justj.openjdk.hotspot.jre.full.win32.x86_64_17.0.8.v20230801-1951\jre\bin\jimage.dll
Event: 2.807 Loaded shared library C:\Users\admin\.p2\pool\plugins\org.eclipse.justj.openjdk.hotspot.jre.full.win32.x86_64_17.0.8.v20230801-1951\jre\bin\awt.dll

Deoptimization events (10 events):
Event: 2.162 Thread 0x0000019af0813bd0 DEOPT PACKING pc=0x0000019a8002829c sp=0x00000029e87fde10
Event: 2.163 Thread 0x0000019af0813bd0 DEOPT UNPACKING pc=0x0000019a87587143 sp=0x00000029e87fd2e0 mode 0
Event: 2.440 Thread 0x0000019af0813bd0 Uncommon trap: trap_request=0xffffff45 fr.pc=0x0000019a87ae34dc relative=0x000000000000005c
Event: 2.440 Thread 0x0000019af0813bd0 Uncommon trap: reason=unstable_if action=reinterpret pc=0x0000019a87ae34dc method=java.lang.String.isLatin1()Z @ 10 c2
Event: 2.440 Thread 0x0000019af0813bd0 DEOPT PACKING pc=0x0000019a87ae34dc sp=0x00000029e87fe400
Event: 2.440 Thread 0x0000019af0813bd0 DEOPT UNPACKING pc=0x0000019a875869a3 sp=0x00000029e87fe390 mode 2
Event: 2.452 Thread 0x0000019af0813bd0 Uncommon trap: trap_request=0xffffff45 fr.pc=0x0000019a87ad69f4 relative=0x0000000000000074
Event: 2.452 Thread 0x0000019af0813bd0 Uncommon trap: reason=unstable_if action=reinterpret pc=0x0000019a87ad69f4 method=java.lang.String.isLatin1()Z @ 10 c2
Event: 2.452 Thread 0x0000019af0813bd0 DEOPT PACKING pc=0x0000019a87ad69f4 sp=0x00000029e87fee20
Event: 2.452 Thread 0x0000019af0813bd0 DEOPT UNPACKING pc=0x0000019a875869a3 sp=0x00000029e87fed60 mode 2

Classes unloaded (0 events):
No events

Classes redefined (0 events):
No events

Internal exceptions (8 events):
Event: 2.374 Thread 0x0000019af0813bd0 Exception <a 'java/lang/NoSuchMethodError'{0x00000000a6918628}: 'void java.lang.invoke.DirectMethodHandle$Holder.invokeSpecial(java.lang.Object, java.lang.Object, java.lang.Object)'> (0x00000000a6918628) 
thrown [s\src\hotspot\share\interpreter\linkResolver.cpp, line 759]
Event: 2.384 Thread 0x0000019af0813bd0 Exception <a 'java/lang/NoSuchMethodError'{0x00000000a692e7f0}: 'void java.lang.invoke.DirectMethodHandle$Holder.invokeSpecial(java.lang.Object, java.lang.Object, java.lang.Object, java.lang.Object, java.lang.Object)'> (0x00000000a692e7f0) 
thrown [s\src\hotspot\share\interpreter\linkResolver.cpp, line 759]
Event: 2.395 Thread 0x0000019af0813bd0 Exception <a 'java/lang/NoSuchMethodError'{0x00000000a693ec40}: 'java.lang.Object java.lang.invoke.DirectMethodHandle$Holder.invokeInterface(java.lang.Object, java.lang.Object)'> (0x00000000a693ec40) 
thrown [s\src\hotspot\share\interpreter\linkResolver.cpp, line 759]
Event: 2.396 Thread 0x0000019af0813bd0 Exception <a 'java/lang/IncompatibleClassChangeError'{0x00000000a6942190}: Found class java.lang.Object, but interface was expected> (0x00000000a6942190) 
thrown [s\src\hotspot\share\interpreter\linkResolver.cpp, line 826]
Event: 2.398 Thread 0x0000019af0813bd0 Exception <a 'java/lang/NoSuchMethodError'{0x00000000a6944f58}: 'void java.lang.invoke.DirectMethodHandle$Holder.invokeStatic(java.lang.Object, java.lang.Object, java.lang.Object, java.lang.Object)'> (0x00000000a6944f58) 
thrown [s\src\hotspot\share\interpreter\linkResolver.cpp, line 759]
Event: 2.773 Thread 0x0000019af0813bd0 Exception <a 'java/lang/ClassNotFoundException'{0x00000000a680ea00}: sun/awt/resources/spi/awtProvider> (0x00000000a680ea00) 
thrown [s\src\hotspot\share\classfile\systemDictionary.cpp, line 256]
Event: 2.866 Thread 0x0000019af0813bd0 Exception <a 'java/io/FileNotFoundException'{0x00000000a6855b10}> (0x00000000a6855b10) 
thrown [s\src\hotspot\share\prims\jni.cpp, line 516]
Event: 2.885 Thread 0x0000019af0813bd0 Exception <a 'java/io/FileNotFoundException'{0x00000000a6882c78}> (0x00000000a6882c78) 
thrown [s\src\hotspot\share\prims\jni.cpp, line 516]

VM Operations (4 events):
Event: 1.787 Executing VM operation: HandshakeAllThreads
Event: 1.787 Executing VM operation: HandshakeAllThreads done
Event: 1.977 Executing VM operation: HandshakeAllThreads
Event: 1.977 Executing VM operation: HandshakeAllThreads done

Events (20 events):
Event: 2.833 loading class java/lang/invoke/BoundMethodHandle$Species_LLLLLLL done
Event: 2.834 loading class java/lang/invoke/LambdaFormEditor$1
Event: 2.834 loading class java/lang/invoke/LambdaFormEditor$1 done
Event: 2.834 loading class java/util/TreeMap$EntrySet
Event: 2.834 loading class java/util/TreeMap$EntrySet done
Event: 2.835 loading class java/util/TreeMap$EntryIterator
Event: 2.835 loading class java/util/TreeMap$EntryIterator done
Event: 2.865 loading class java/io/FileNotFoundException
Event: 2.865 loading class java/io/FileNotFoundException done
Event: 2.878 loading class java/lang/invoke/BoundMethodHandle$Species_LLLLLLLL
Event: 2.878 loading class java/lang/invoke/BoundMethodHandle$Species_LLLLLLLL done
Event: 2.882 loading class java/lang/invoke/BoundMethodHandle$Species_LLLLLLLLL
Event: 2.882 loading class java/lang/invoke/BoundMethodHandle$Species_LLLLLLLLL done
Event: 2.885 loading class java/awt/Insets
Event: 2.885 loading class java/awt/Insets done
Event: 2.885 loading class java/awt/GraphicsEnvironment
Event: 2.886 loading class java/awt/GraphicsEnvironment done
Event: 2.887 loading class sun/awt/PlatformGraphicsInfo
Event: 2.887 loading class sun/awt/PlatformGraphicsInfo done
Event: 2.887 loading class java/awt/event/InputEvent


Dynamic libraries:
0x00007ff6e5f30000 - 0x00007ff6e5f3e000 	C:\Users\admin\.p2\pool\plugins\org.eclipse.justj.openjdk.hotspot.jre.full.win32.x86_64_17.0.8.v20230801-1951\jre\bin\javaw.exe
0x00007ff8d9450000 - 0x00007ff8d9667000 	C:\WINDOWS\SYSTEM32\ntdll.dll
0x00007ff8d8ee0000 - 0x00007ff8d8fa4000 	C:\WINDOWS\System32\KERNEL32.DLL
0x00007ff8d6d10000 - 0x00007ff8d70b6000 	C:\WINDOWS\System32\KERNELBASE.dll
0x00007ff8d6bf0000 - 0x00007ff8d6d01000 	C:\WINDOWS\System32\ucrtbase.dll
0x00007ff8c8f60000 - 0x00007ff8c8f77000 	C:\Users\admin\.p2\pool\plugins\org.eclipse.justj.openjdk.hotspot.jre.full.win32.x86_64_17.0.8.v20230801-1951\jre\bin\jli.dll
0x00007ff8d8d30000 - 0x00007ff8d8edd000 	C:\WINDOWS\System32\USER32.dll
0x00007ff8d70c0000 - 0x00007ff8d70e6000 	C:\WINDOWS\System32\win32u.dll
0x00007ff8c80c0000 - 0x00007ff8c80d9000 	C:\Users\admin\.p2\pool\plugins\org.eclipse.justj.openjdk.hotspot.jre.full.win32.x86_64_17.0.8.v20230801-1951\jre\bin\VCRUNTIME140.dll
0x00007ff8d7560000 - 0x00007ff8d7589000 	C:\WINDOWS\System32\GDI32.dll
0x00007ff8d67d0000 - 0x00007ff8d68e8000 	C:\WINDOWS\System32\gdi32full.dll
0x00007ff8c6ea0000 - 0x00007ff8c7133000 	C:\WINDOWS\WinSxS\amd64_microsoft.windows.common-controls_6595b64144ccf1df_6.0.22621.2361_none_2712ced57382f843\COMCTL32.dll
0x00007ff8d6ae0000 - 0x00007ff8d6b7a000 	C:\WINDOWS\System32\msvcp_win.dll
0x00007ff8d8fb0000 - 0x00007ff8d9057000 	C:\WINDOWS\System32\msvcrt.dll
0x00007ff8d7520000 - 0x00007ff8d7551000 	C:\WINDOWS\System32\IMM32.DLL
0x00007ff8c9030000 - 0x00007ff8c903c000 	C:\Users\admin\.p2\pool\plugins\org.eclipse.justj.openjdk.hotspot.jre.full.win32.x86_64_17.0.8.v20230801-1951\jre\bin\vcruntime140_1.dll
0x00007ff8a62d0000 - 0x00007ff8a6361000 	C:\Users\admin\.p2\pool\plugins\org.eclipse.justj.openjdk.hotspot.jre.full.win32.x86_64_17.0.8.v20230801-1951\jre\bin\msvcp140.dll
0x00007ff8949a0000 - 0x00007ff8955ec000 	C:\Users\admin\.p2\pool\plugins\org.eclipse.justj.openjdk.hotspot.jre.full.win32.x86_64_17.0.8.v20230801-1951\jre\bin\server\jvm.dll
0x00007ff8d9290000 - 0x00007ff8d9340000 	C:\WINDOWS\System32\ADVAPI32.dll
0x00007ff8d91e0000 - 0x00007ff8d9286000 	C:\WINDOWS\System32\sechost.dll
0x00007ff8d71b0000 - 0x00007ff8d72c7000 	C:\WINDOWS\System32\RPCRT4.dll
0x00007ff8d64f0000 - 0x00007ff8d653d000 	C:\WINDOWS\SYSTEM32\POWRPROF.dll
0x00007ff8d2160000 - 0x00007ff8d2169000 	C:\WINDOWS\SYSTEM32\WSOCK32.dll
0x00007ff8d83d0000 - 0x00007ff8d8441000 	C:\WINDOWS\System32\WS2_32.dll
0x00007ff8ceb10000 - 0x00007ff8ceb44000 	C:\WINDOWS\SYSTEM32\WINMM.dll
0x00007ff8cce50000 - 0x00007ff8cce5a000 	C:\WINDOWS\SYSTEM32\VERSION.dll
0x00007ff8d6420000 - 0x00007ff8d6433000 	C:\WINDOWS\SYSTEM32\UMPDC.dll
0x00007ff8d5770000 - 0x00007ff8d5788000 	C:\WINDOWS\SYSTEM32\kernel.appcore.dll
0x00007ff8d2140000 - 0x00007ff8d214a000 	C:\Users\admin\.p2\pool\plugins\org.eclipse.justj.openjdk.hotspot.jre.full.win32.x86_64_17.0.8.v20230801-1951\jre\bin\jimage.dll
0x00007ff8c0370000 - 0x00007ff8c059e000 	C:\WINDOWS\SYSTEM32\DBGHELP.DLL
0x00007ff8d8780000 - 0x00007ff8d8b0a000 	C:\WINDOWS\System32\combase.dll
0x00007ff8d7440000 - 0x00007ff8d7517000 	C:\WINDOWS\System32\OLEAUT32.dll
0x00007ff8bfb70000 - 0x00007ff8bfba2000 	C:\WINDOWS\SYSTEM32\dbgcore.DLL
0x00007ff8d68f0000 - 0x00007ff8d696a000 	C:\WINDOWS\System32\bcryptPrimitives.dll
0x00007ff8ce7c0000 - 0x00007ff8ce7e5000 	C:\Users\admin\.p2\pool\plugins\org.eclipse.justj.openjdk.hotspot.jre.full.win32.x86_64_17.0.8.v20230801-1951\jre\bin\java.dll
0x00007ff8d1bf0000 - 0x00007ff8d1c08000 	C:\Users\admin\.p2\pool\plugins\org.eclipse.justj.openjdk.hotspot.jre.full.win32.x86_64_17.0.8.v20230801-1951\jre\bin\zip.dll
0x00007ff8d7590000 - 0x00007ff8d7de8000 	C:\WINDOWS\System32\SHELL32.dll
0x00007ff8d46e0000 - 0x00007ff8d4fd2000 	C:\WINDOWS\SYSTEM32\windows.storage.dll
0x00007ff8d45a0000 - 0x00007ff8d46de000 	C:\WINDOWS\SYSTEM32\wintypes.dll
0x00007ff8d72d0000 - 0x00007ff8d73c3000 	C:\WINDOWS\System32\SHCORE.dll
0x00007ff8d8b10000 - 0x00007ff8d8b6e000 	C:\WINDOWS\System32\shlwapi.dll
0x00007ff8d6700000 - 0x00007ff8d6726000 	C:\WINDOWS\SYSTEM32\profapi.dll
0x00007ff8cb860000 - 0x00007ff8cb879000 	C:\Users\admin\.p2\pool\plugins\org.eclipse.justj.openjdk.hotspot.jre.full.win32.x86_64_17.0.8.v20230801-1951\jre\bin\net.dll
0x00007ff8cdb70000 - 0x00007ff8cdca7000 	C:\WINDOWS\SYSTEM32\WINHTTP.dll
0x00007ff8d5c40000 - 0x00007ff8d5ca9000 	C:\WINDOWS\system32\mswsock.dll
0x00007ff8cb400000 - 0x00007ff8cb415000 	C:\Users\admin\.p2\pool\plugins\org.eclipse.justj.openjdk.hotspot.jre.full.win32.x86_64_17.0.8.v20230801-1951\jre\bin\nio.dll
0x00007ff89e8a0000 - 0x00007ff89ea2e000 	C:\Users\admin\.p2\pool\plugins\org.eclipse.justj.openjdk.hotspot.jre.full.win32.x86_64_17.0.8.v20230801-1951\jre\bin\awt.dll
0x00007ff8d3b30000 - 0x00007ff8d3bc7000 	C:\WINDOWS\SYSTEM32\apphelp.dll

dbghelp: loaded successfully - version: 4.0.5 - missing functions: none
symbol engine: initialized successfully - sym options: 0x614 - pdb path: .;C:\Users\admin\.p2\pool\plugins\org.eclipse.justj.openjdk.hotspot.jre.full.win32.x86_64_17.0.8.v20230801-1951\jre\bin;C:\WINDOWS\SYSTEM32;C:\WINDOWS\WinSxS\amd64_microsoft.windows.common-controls_6595b64144ccf1df_6.0.22621.2361_none_2712ced57382f843;C:\Users\admin\.p2\pool\plugins\org.eclipse.justj.openjdk.hotspot.jre.full.win32.x86_64_17.0.8.v20230801-1951\jre\bin\server

VM Arguments:
jvm_args: -Dfile.encoding=UTF-8 --module-path=C:\HOCTAP\PhatTrienUngDung\GIT_DUAN\PTUD_2023_Nhom07_DHKTPM17ATT\QLKaraoke\Karaoke4T\sqljdbc4.jar -XX:+ShowCodeDetailsInExceptionMessages 
java_command: test.HienThiHinhAnhTuFile
java_class_path (initial): C:\HOCTAP\PhatTrienUngDung\GIT_DUAN\PTUD_2023_Nhom07_DHKTPM17ATT\QLKaraoke\Karaoke4T\bin;C:\HOCTAP\PhatTrienUngDung\GIT_DUAN\PTUD_2023_Nhom07_DHKTPM17ATT\QLKaraoke\Karaoke4T\jgoodies-forms-1.8.0.jar;C:\HOCTAP\PhatTrienUngDung\GIT_DUAN\PTUD_2023_Nhom07_DHKTPM17ATT\QLKaraoke\Karaoke4T\TimingFramework-0.55.jar;C:\HOCTAP\PhatTrienUngDung\GIT_DUAN\PTUD_2023_Nhom07_DHKTPM17ATT\QLKaraoke\Karaoke4T\jcalendar-1.4.jar
Launcher Type: SUN_STANDARD

[Global flags]
     intx CICompilerCount                          = 4                                         {product} {ergonomic}
     uint ConcGCThreads                            = 2                                         {product} {ergonomic}
     uint G1ConcRefinementThreads                  = 8                                         {product} {ergonomic}
   size_t G1HeapRegionSize                         = 1048576                                   {product} {ergonomic}
    uintx GCDrainStackTargetSize                   = 64                                        {product} {ergonomic}
   size_t InitialHeapSize                          = 100663296                                 {product} {ergonomic}
   size_t MarkStackSize                            = 4194304                                   {product} {ergonomic}
   size_t MaxHeapSize                              = 1595932672                                {product} {ergonomic}
   size_t MaxNewSize                               = 957349888                                 {product} {ergonomic}
   size_t MinHeapDeltaBytes                        = 1048576                                   {product} {ergonomic}
   size_t MinHeapSize                              = 8388608                                   {product} {ergonomic}
    uintx NonNMethodCodeHeapSize                   = 5839372                                {pd product} {ergonomic}
    uintx NonProfiledCodeHeapSize                  = 122909434                              {pd product} {ergonomic}
    uintx ProfiledCodeHeapSize                     = 122909434                              {pd product} {ergonomic}
    uintx ReservedCodeCacheSize                    = 251658240                              {pd product} {ergonomic}
     bool SegmentedCodeCache                       = true                                      {product} {ergonomic}
     bool ShowCodeDetailsInExceptionMessages       = true                                   {manageable} {command line}
   size_t SoftMaxHeapSize                          = 1595932672                             {manageable} {ergonomic}
     bool UseCompressedClassPointers               = true                           {product lp64_product} {ergonomic}
     bool UseCompressedOops                        = true                           {product lp64_product} {ergonomic}
     bool UseG1GC                                  = true                                      {product} {ergonomic}
     bool UseLargePagesIndividualAllocation        = false                                  {pd product} {ergonomic}

Logging:
Log output configuration:
 #0: stdout all=warning uptime,level,tags
 #1: stderr all=off uptime,level,tags

Environment Variables:
PATH=C:/Users/admin/.p2/pool/plugins/org.eclipse.justj.openjdk.hotspot.jre.full.win32.x86_64_17.0.8.v20230801-1951/jre/bin/server;C:/Users/admin/.p2/pool/plugins/org.eclipse.justj.openjdk.hotspot.jre.full.win32.x86_64_17.0.8.v20230801-1951/jre/bin;C:\Program Files (x86)\Common Files\Oracle\Java\javapath;C:\WINDOWS\system32;C:\WINDOWS;C:\WINDOWS\System32\Wbem;C:\WINDOWS\System32\WindowsPowerShell\v1.0\;C:\WINDOWS\System32\OpenSSH\;C:\Program Files\Git\cmd;C:\Program Files (x86)\Microsoft SQL Server\160\Tools\Binn\;C:\Program Files\Microsoft SQL Server\160\Tools\Binn\;C:\Program Files\Microsoft SQL Server\Client SDK\ODBC\170\Tools\Binn\;C:\Program Files\Microsoft SQL Server\160\DTS\Binn\;C:\Program Files (x86)\Microsoft SQL Server\160\DTS\Binn\;C:\Program Files\Azure Data Studio\bin;C:\Users\admin\AppData\Local\Microsoft\WindowsApps;;C:\Users\admin\AppData\Local\Programs\Microsoft VS Code\bin;C:\Program Files\Azure Data Studio\bin;C:\WINDOWS\System32;
USERNAME=admin
OS=Windows_NT
PROCESSOR_IDENTIFIER=AMD64 Family 23 Model 24 Stepping 1, AuthenticAMD
TMP=C:\Users\admin\AppData\Local\Temp
TEMP=C:\Users\admin\AppData\Local\Temp



---------------  S Y S T E M  ---------------

OS:
 Windows 11 , 64 bit Build 22621 (10.0.22621.2428)
OS uptime: 29 days 23:57 hours
Hyper-V role detected

CPU: total 8 (initial active 8) (8 cores per cpu, 2 threads per core) family 23 model 24 stepping 1 microcode 0x0, cx8, cmov, fxsr, ht, mmx, 3dnowpref, sse, sse2, sse3, ssse3, sse4a, sse4.1, sse4.2, popcnt, lzcnt, tsc, tscinvbit, avx, avx2, aes, clmul, bmi1, bmi2, adx, sha, fma, vzeroupper, clflush, clflushopt, hv
Processor Information for all 8 processors :
  Max Mhz: 2100, Current Mhz: 2100, Mhz Limit: 2100

Memory: 4k page, system-wide physical 6081M (95M free)
TotalPageFile size 24513M (AvailPageFile size 356M)
current process WorkingSet (physical memory assigned to process): 49M, peak: 49M
current process commit charge ("private bytes"): 180M, peak: 180M

vm_info: OpenJDK 64-Bit Server VM (17.0.8+7) for windows-amd64 JRE (17.0.8+7), built on Jul 18 2023 21:02:32 by "admin" with MS VC++ 16.7 (VS2019)

END.
